2021-03-05 20:08:25 QtWarningMsg:FILE: LINE:0 MSG:QMetaObject::connectSlotsByName: No matching signal for on_modeBt_clicked()
2021-03-05 20:08:25 QtDebugMsg:FILE:..\teleportalQT\src\mainwindow.cpp LINE:1048 MSG:VIDEO PAGE DISPLAYED (1048)
2021-03-05 20:08:26 QtDebugMsg:FILE:..\teleportalQT\src\mainwindow.cpp LINE:1571 MSG:LOADED CONFIG FILE (1571)
2021-03-05 20:08:26 QtDebugMsg:FILE:..\teleportalQT\src\mainwindow.cpp LINE:86 MSG:ROBOT INITILIZED (86)
2021-03-05 20:08:26 QtDebugMsg:FILE:..\teleportalQT\src\pingsensor.cpp LINE:63 MSG:Connecting to "LinkConfiguration{Name: Ping1D, Sensor: Ping1D, LinkType: UDP, Arguments: (192.168.2.2:9090)}"
2021-03-05 20:08:26 QtDebugMsg:FILE:..\teleportalQT\dependencies\link\udplink.cpp LINE:35 MSG:"LinkConfiguration{Name: Ping1D, Sensor: Ping1D, LinkType: UDP, Arguments: (192.168.2.2:9090)}"
2021-03-05 20:08:26 QtDebugMsg:FILE:..\teleportalQT\src\pingsensor.cpp LINE:254 MSG:Start pre configuration task and requests.
2021-03-05 20:08:26 QtDebugMsg:FILE:..\teleportalQT\src\pingsensor.cpp LINE:254 MSG:Start pre configuration task and requests.
2021-03-05 20:08:26 QtDebugMsg:FILE:..\teleportalQT\src\mainwindow.cpp LINE:452 MSG:Application was resized (452)
2021-03-05 20:08:28 QtDebugMsg:FILE:..\teleportalQT\src\VideoReceiver.cpp LINE:422 MSG:State changed, _playing: true
2021-03-05 20:08:28 QtDebugMsg:FILE:..\teleportalQT\src\mainwindow.cpp LINE:452 MSG:Application was resized (452)
2021-03-05 20:08:28 QtDebugMsg:FILE:..\teleportalQT\src\mainwindow.cpp LINE:303 MSG:Attempting first connection to Robot
2021-03-05 20:08:28 QtDebugMsg:FILE:..\teleportalQT\src\mainwindow.cpp LINE:1176 MSG:DISARMING ROBOT (1176)
2021-03-05 20:08:31 QtDebugMsg:FILE:..\teleportalQT\src\mainwindow.cpp LINE:1151 MSG:ROBOT ARMED (1151)
2021-03-05 20:08:32 QtDebugMsg:FILE:..\teleportalQT\src\mainwindow.cpp LINE:480 MSG:You Pressed Key W - Up
2021-03-05 20:08:33 QtDebugMsg:FILE:..\teleportalQT\src\mainwindow.cpp LINE:864 MSG:You Released Key W
2021-03-05 20:08:33 QtDebugMsg:FILE:..\teleportalQT\src\mainwindow.cpp LINE:500 MSG:You Pressed Key S - Down
2021-03-05 20:08:34 QtDebugMsg:FILE:..\teleportalQT\src\mainwindow.cpp LINE:881 MSG:You Released Key S
2021-03-05 20:08:34 QtDebugMsg:FILE:..\teleportalQT\src\mainwindow.cpp LINE:514 MSG:You Pressed Key A
2021-03-05 20:08:35 QtDebugMsg:FILE:..\teleportalQT\src\mainwindow.cpp LINE:898 MSG:You Released Key A
2021-03-05 20:08:35 QtDebugMsg:FILE:..\teleportalQT\src\mainwindow.cpp LINE:543 MSG:You Pressed Key D
2021-03-05 20:08:35 QtDebugMsg:FILE:..\teleportalQT\src\mainwindow.cpp LINE:915 MSG:You Released Key D
2021-03-05 20:08:36 QtDebugMsg:FILE:..\teleportalQT\src\mainwindow.cpp LINE:741 MSG:You Pressed Key 3 - MANUAL MODE
2021-03-05 20:08:37 QtDebugMsg:FILE:..\teleportalQT\src\mainwindow.cpp LINE:579 MSG:You Pressed Key Up
2021-03-05 20:08:38 QtDebugMsg:FILE:..\teleportalQT\src\mainwindow.cpp LINE:932 MSG:You Released Key Up
2021-03-05 20:08:38 QtDebugMsg:FILE:..\teleportalQT\src\mainwindow.cpp LINE:630 MSG:You Pressed Key Right
2021-03-05 20:08:39 QtDebugMsg:FILE:..\teleportalQT\src\mainwindow.cpp LINE:983 MSG:You Released Key Right
2021-03-05 20:08:39 QtDebugMsg:FILE:..\teleportalQT\src\mainwindow.cpp LINE:594 MSG:You Pressed Key Down
2021-03-05 20:08:40 QtDebugMsg:FILE:..\teleportalQT\src\mainwindow.cpp LINE:949 MSG:You Released Key Down
2021-03-05 20:08:40 QtDebugMsg:FILE:..\teleportalQT\src\mainwindow.cpp LINE:612 MSG:You Pressed Key Left
2021-03-05 20:08:40 QtDebugMsg:FILE:..\teleportalQT\src\mainwindow.cpp LINE:966 MSG:You Released Key Left
2021-03-05 20:08:41 QtDebugMsg:FILE:..\teleportalQT\src\mainwindow.cpp LINE:579 MSG:You Pressed Key Up
2021-03-05 20:08:41 QtDebugMsg:FILE:..\teleportalQT\src\mainwindow.cpp LINE:932 MSG:You Released Key Up
2021-03-05 20:08:41 QtDebugMsg:FILE:..\teleportalQT\src\mainwindow.cpp LINE:480 MSG:You Pressed Key W - Up
2021-03-05 20:08:42 QtDebugMsg:FILE:..\teleportalQT\src\mainwindow.cpp LINE:864 MSG:You Released Key W
2021-03-05 20:08:42 QtDebugMsg:FILE:..\teleportalQT\src\mainwindow.cpp LINE:514 MSG:You Pressed Key A
2021-03-05 20:08:43 QtDebugMsg:FILE:..\teleportalQT\src\mainwindow.cpp LINE:898 MSG:You Released Key A
2021-03-05 20:08:43 QtDebugMsg:FILE:..\teleportalQT\src\mainwindow.cpp LINE:500 MSG:You Pressed Key S - Down
2021-03-05 20:08:44 QtDebugMsg:FILE:..\teleportalQT\src\mainwindow.cpp LINE:881 MSG:You Released Key S
2021-03-05 20:08:44 QtDebugMsg:FILE:..\teleportalQT\src\mainwindow.cpp LINE:543 MSG:You Pressed Key D
2021-03-05 20:08:45 QtDebugMsg:FILE:..\teleportalQT\src\mainwindow.cpp LINE:915 MSG:You Released Key D
2021-03-05 20:08:45 QtDebugMsg:FILE:..\teleportalQT\src\mainwindow.cpp LINE:480 MSG:You Pressed Key W - Up
2021-03-05 20:08:46 QtDebugMsg:FILE:..\teleportalQT\src\mainwindow.cpp LINE:864 MSG:You Released Key W
2021-03-05 20:08:47 QtDebugMsg:FILE:..\teleportalQT\src\mainwindow.cpp LINE:500 MSG:You Pressed Key S - Down
2021-03-05 20:08:47 QtDebugMsg:FILE:..\teleportalQT\src\mainwindow.cpp LINE:881 MSG:You Released Key S
2021-03-05 20:08:47 QtDebugMsg:FILE:..\teleportalQT\src\mainwindow.cpp LINE:514 MSG:You Pressed Key A
2021-03-05 20:08:48 QtDebugMsg:FILE:..\teleportalQT\src\mainwindow.cpp LINE:898 MSG:You Released Key A
2021-03-05 20:08:48 QtDebugMsg:FILE:..\teleportalQT\src\mainwindow.cpp LINE:543 MSG:You Pressed Key D
2021-03-05 20:08:49 QtDebugMsg:FILE:..\teleportalQT\src\mainwindow.cpp LINE:915 MSG:You Released Key D
2021-03-05 20:08:49 QtDebugMsg:FILE:..\teleportalQT\src\mainwindow.cpp LINE:480 MSG:You Pressed Key W - Up
2021-03-05 20:08:50 QtDebugMsg:FILE:..\teleportalQT\src\mainwindow.cpp LINE:864 MSG:You Released Key W
2021-03-05 20:08:51 QtDebugMsg:FILE:..\teleportalQT\src\mainwindow.cpp LINE:840 MSG:You Pressed NOT supported Key
2021-03-05 20:08:56 QtDebugMsg:FILE:..\teleportalQT\src\mainwindow.cpp LINE:112 MSG:Program Attempting To Exited
2021-03-05 20:08:56 QtDebugMsg:FILE:..\teleportalQT\src\mainwindow.cpp LINE:1176 MSG:DISARMING ROBOT (1176)
2021-03-05 20:08:56 QtDebugMsg:FILE:..\teleportalQT\src\mainwindow.cpp LINE:116 MSG:Program Exited Successfully?
