2021-03-06 16:59:31 QtWarningMsg:FILE: LINE:0 MSG:QMetaObject::connectSlotsByName: No matching signal for on_modeBt_clicked()
2021-03-06 16:59:31 QtDebugMsg:FILE:..\teleportalQT\src\mainwindow.cpp LINE:1048 MSG:VIDEO PAGE DISPLAYED (1048)
2021-03-06 16:59:32 QtDebugMsg:FILE:..\teleportalQT\src\mainwindow.cpp LINE:1573 MSG:LOADED CONFIG FILE (1571)
2021-03-06 16:59:32 QtDebugMsg:FILE:..\teleportalQT\src\mainwindow.cpp LINE:86 MSG:ROBOT INITILIZED (86)
2021-03-06 16:59:32 QtDebugMsg:FILE:..\teleportalQT\src\pingsensor.cpp LINE:63 MSG:Connecting to "LinkConfiguration{Name: Ping1D, Sensor: Ping1D, LinkType: UDP, Arguments: (192.168.2.2:9090)}"
2021-03-06 16:59:32 QtDebugMsg:FILE:..\teleportalQT\dependencies\link\udplink.cpp LINE:35 MSG:"LinkConfiguration{Name: Ping1D, Sensor: Ping1D, LinkType: UDP, Arguments: (192.168.2.2:9090)}"
2021-03-06 16:59:32 QtDebugMsg:FILE:..\teleportalQT\src\pingsensor.cpp LINE:254 MSG:Start pre configuration task and requests.
2021-03-06 16:59:32 QtDebugMsg:FILE:..\teleportalQT\src\pingsensor.cpp LINE:254 MSG:Start pre configuration task and requests.
2021-03-06 16:59:32 QtDebugMsg:FILE:..\teleportalQT\src\mainwindow.cpp LINE:452 MSG:Application was resized (452)
2021-03-06 16:59:34 QtDebugMsg:FILE:..\teleportalQT\src\mainwindow.cpp LINE:452 MSG:Application was resized (452)
2021-03-06 16:59:34 QtDebugMsg:FILE:..\teleportalQT\src\mainwindow.cpp LINE:296 MSG:Robot is not connected (296)
2021-03-06 16:59:34 QtDebugMsg:FILE:..\teleportalQT\src\mainwindow.cpp LINE:296 MSG:Robot is not connected (296)
2021-03-06 16:59:34 QtDebugMsg:FILE:..\teleportalQT\src\mainwindow.cpp LINE:296 MSG:Robot is not connected (296)
2021-03-06 16:59:34 QtDebugMsg:FILE:..\teleportalQT\src\mainwindow.cpp LINE:296 MSG:Robot is not connected (296)
2021-03-06 16:59:34 QtDebugMsg:FILE:..\teleportalQT\src\mainwindow.cpp LINE:296 MSG:Robot is not connected (296)
2021-03-06 16:59:34 QtDebugMsg:FILE:..\teleportalQT\src\mainwindow.cpp LINE:1241 MSG:PROXIMITY ALARM (1239)
2021-03-06 16:59:34 QtDebugMsg:FILE:..\teleportalQT\src\mainwindow.cpp LINE:296 MSG:Robot is not connected (296)
2021-03-06 16:59:34 QtDebugMsg:FILE:..\teleportalQT\src\mainwindow.cpp LINE:296 MSG:Robot is not connected (296)
2021-03-06 16:59:34 QtDebugMsg:FILE:..\teleportalQT\src\mainwindow.cpp LINE:296 MSG:Robot is not connected (296)
2021-03-06 16:59:34 QtDebugMsg:FILE:..\teleportalQT\src\mainwindow.cpp LINE:296 MSG:Robot is not connected (296)
2021-03-06 16:59:34 QtDebugMsg:FILE:..\teleportalQT\src\mainwindow.cpp LINE:296 MSG:Robot is not connected (296)
2021-03-06 16:59:34 QtDebugMsg:FILE:..\teleportalQT\src\mainwindow.cpp LINE:296 MSG:Robot is not connected (296)
2021-03-06 16:59:34 QtDebugMsg:FILE:..\teleportalQT\src\mainwindow.cpp LINE:1241 MSG:PROXIMITY ALARM (1239)
2021-03-06 16:59:34 QtDebugMsg:FILE:..\teleportalQT\src\mainwindow.cpp LINE:296 MSG:Robot is not connected (296)
2021-03-06 16:59:34 QtDebugMsg:FILE:..\teleportalQT\src\mainwindow.cpp LINE:296 MSG:Robot is not connected (296)
2021-03-06 16:59:34 QtDebugMsg:FILE:..\teleportalQT\src\mainwindow.cpp LINE:296 MSG:Robot is not connected (296)
2021-03-06 16:59:34 QtDebugMsg:FILE:..\teleportalQT\src\mainwindow.cpp LINE:296 MSG:Robot is not connected (296)
2021-03-06 16:59:34 QtDebugMsg:FILE:..\teleportalQT\src\mainwindow.cpp LINE:296 MSG:Robot is not connected (296)
2021-03-06 16:59:34 QtDebugMsg:FILE:..\teleportalQT\src\mainwindow.cpp LINE:296 MSG:Robot is not connected (296)
2021-03-06 16:59:35 QtDebugMsg:FILE:..\teleportalQT\src\mainwindow.cpp LINE:296 MSG:Robot is not connected (296)
2021-03-06 16:59:35 QtDebugMsg:FILE:..\teleportalQT\src\mainwindow.cpp LINE:296 MSG:Robot is not connected (296)
2021-03-06 16:59:35 QtDebugMsg:FILE:..\teleportalQT\src\mainwindow.cpp LINE:1241 MSG:PROXIMITY ALARM (1239)
2021-03-06 16:59:35 QtDebugMsg:FILE:..\teleportalQT\src\mainwindow.cpp LINE:296 MSG:Robot is not connected (296)
2021-03-06 16:59:35 QtDebugMsg:FILE:..\teleportalQT\src\mainwindow.cpp LINE:296 MSG:Robot is not connected (296)
2021-03-06 16:59:35 QtDebugMsg:FILE:..\teleportalQT\src\mainwindow.cpp LINE:296 MSG:Robot is not connected (296)
2021-03-06 16:59:35 QtDebugMsg:FILE:..\teleportalQT\src\mainwindow.cpp LINE:296 MSG:Robot is not connected (296)
2021-03-06 16:59:35 QtDebugMsg:FILE:..\teleportalQT\src\mainwindow.cpp LINE:296 MSG:Robot is not connected (296)
2021-03-06 16:59:35 QtDebugMsg:FILE:..\teleportalQT\src\mainwindow.cpp LINE:296 MSG:Robot is not connected (296)
2021-03-06 16:59:35 QtDebugMsg:FILE:..\teleportalQT\src\mainwindow.cpp LINE:296 MSG:Robot is not connected (296)
2021-03-06 16:59:35 QtDebugMsg:FILE:..\teleportalQT\src\mainwindow.cpp LINE:296 MSG:Robot is not connected (296)
2021-03-06 16:59:35 QtDebugMsg:FILE:..\teleportalQT\src\mainwindow.cpp LINE:1241 MSG:PROXIMITY ALARM (1239)
2021-03-06 16:59:35 QtDebugMsg:FILE:..\teleportalQT\src\mainwindow.cpp LINE:296 MSG:Robot is not connected (296)
2021-03-06 16:59:35 QtDebugMsg:FILE:..\teleportalQT\src\mainwindow.cpp LINE:296 MSG:Robot is not connected (296)
2021-03-06 16:59:35 QtDebugMsg:FILE:..\teleportalQT\src\mainwindow.cpp LINE:296 MSG:Robot is not connected (296)
2021-03-06 16:59:35 QtDebugMsg:FILE:..\teleportalQT\src\mainwindow.cpp LINE:296 MSG:Robot is not connected (296)
2021-03-06 16:59:35 QtDebugMsg:FILE:..\teleportalQT\src\mainwindow.cpp LINE:296 MSG:Robot is not connected (296)
2021-03-06 16:59:35 QtDebugMsg:FILE:..\teleportalQT\src\mainwindow.cpp LINE:296 MSG:Robot is not connected (296)
2021-03-06 16:59:35 QtDebugMsg:FILE:..\teleportalQT\src\mainwindow.cpp LINE:296 MSG:Robot is not connected (296)
2021-03-06 16:59:35 QtDebugMsg:FILE:..\teleportalQT\src\mainwindow.cpp LINE:296 MSG:Robot is not connected (296)
2021-03-06 16:59:35 QtDebugMsg:FILE:..\teleportalQT\src\mainwindow.cpp LINE:1241 MSG:PROXIMITY ALARM (1239)
2021-03-06 16:59:35 QtDebugMsg:FILE:..\teleportalQT\src\mainwindow.cpp LINE:296 MSG:Robot is not connected (296)
2021-03-06 16:59:35 QtDebugMsg:FILE:..\teleportalQT\src\mainwindow.cpp LINE:296 MSG:Robot is not connected (296)
2021-03-06 16:59:35 QtDebugMsg:FILE:..\teleportalQT\src\mainwindow.cpp LINE:296 MSG:Robot is not connected (296)
2021-03-06 16:59:35 QtDebugMsg:FILE:..\teleportalQT\src\mainwindow.cpp LINE:296 MSG:Robot is not connected (296)
2021-03-06 16:59:35 QtDebugMsg:FILE:..\teleportalQT\src\mainwindow.cpp LINE:296 MSG:Robot is not connected (296)
2021-03-06 16:59:35 QtDebugMsg:FILE:..\teleportalQT\src\mainwindow.cpp LINE:296 MSG:Robot is not connected (296)
2021-03-06 16:59:35 QtDebugMsg:FILE:..\teleportalQT\src\mainwindow.cpp LINE:296 MSG:Robot is not connected (296)
2021-03-06 16:59:35 QtDebugMsg:FILE:..\teleportalQT\src\mainwindow.cpp LINE:296 MSG:Robot is not connected (296)
2021-03-06 16:59:35 QtDebugMsg:FILE:..\teleportalQT\src\mainwindow.cpp LINE:296 MSG:Robot is not connected (296)
2021-03-06 16:59:35 QtDebugMsg:FILE:..\teleportalQT\src\mainwindow.cpp LINE:296 MSG:Robot is not connected (296)
2021-03-06 16:59:35 QtDebugMsg:FILE:..\teleportalQT\src\mainwindow.cpp LINE:296 MSG:Robot is not connected (296)
2021-03-06 16:59:35 QtDebugMsg:FILE:..\teleportalQT\src\mainwindow.cpp LINE:296 MSG:Robot is not connected (296)
2021-03-06 16:59:35 QtDebugMsg:FILE:..\teleportalQT\src\mainwindow.cpp LINE:296 MSG:Robot is not connected (296)
2021-03-06 16:59:35 QtDebugMsg:FILE:..\teleportalQT\src\mainwindow.cpp LINE:296 MSG:Robot is not connected (296)
2021-03-06 16:59:36 QtDebugMsg:FILE:..\teleportalQT\src\mainwindow.cpp LINE:296 MSG:Robot is not connected (296)
2021-03-06 16:59:36 QtDebugMsg:FILE:..\teleportalQT\src\mainwindow.cpp LINE:296 MSG:Robot is not connected (296)
2021-03-06 16:59:36 QtDebugMsg:FILE:..\teleportalQT\src\mainwindow.cpp LINE:296 MSG:Robot is not connected (296)
2021-03-06 16:59:36 QtDebugMsg:FILE:..\teleportalQT\src\mainwindow.cpp LINE:296 MSG:Robot is not connected (296)
2021-03-06 16:59:36 QtDebugMsg:FILE:..\teleportalQT\src\mainwindow.cpp LINE:296 MSG:Robot is not connected (296)
2021-03-06 16:59:36 QtDebugMsg:FILE:..\teleportalQT\src\mainwindow.cpp LINE:296 MSG:Robot is not connected (296)
2021-03-06 16:59:36 QtDebugMsg:FILE:..\teleportalQT\src\mainwindow.cpp LINE:296 MSG:Robot is not connected (296)
2021-03-06 16:59:36 QtDebugMsg:FILE:..\teleportalQT\src\mainwindow.cpp LINE:296 MSG:Robot is not connected (296)
2021-03-06 16:59:36 QtDebugMsg:FILE:..\teleportalQT\src\mainwindow.cpp LINE:296 MSG:Robot is not connected (296)
2021-03-06 16:59:36 QtDebugMsg:FILE:..\teleportalQT\src\mainwindow.cpp LINE:296 MSG:Robot is not connected (296)
2021-03-06 16:59:36 QtDebugMsg:FILE:..\teleportalQT\src\mainwindow.cpp LINE:296 MSG:Robot is not connected (296)
2021-03-06 16:59:36 QtDebugMsg:FILE:..\teleportalQT\src\mainwindow.cpp LINE:296 MSG:Robot is not connected (296)
2021-03-06 16:59:36 QtDebugMsg:FILE:..\teleportalQT\src\mainwindow.cpp LINE:296 MSG:Robot is not connected (296)
2021-03-06 16:59:36 QtDebugMsg:FILE:..\teleportalQT\src\mainwindow.cpp LINE:296 MSG:Robot is not connected (296)
2021-03-06 16:59:36 QtDebugMsg:FILE:..\teleportalQT\src\mainwindow.cpp LINE:296 MSG:Robot is not connected (296)
2021-03-06 16:59:36 QtDebugMsg:FILE:..\teleportalQT\src\mainwindow.cpp LINE:296 MSG:Robot is not connected (296)
2021-03-06 16:59:36 QtDebugMsg:FILE:..\teleportalQT\src\mainwindow.cpp LINE:296 MSG:Robot is not connected (296)
2021-03-06 16:59:36 QtDebugMsg:FILE:..\teleportalQT\src\mainwindow.cpp LINE:296 MSG:Robot is not connected (296)
2021-03-06 16:59:36 QtDebugMsg:FILE:..\teleportalQT\src\mainwindow.cpp LINE:296 MSG:Robot is not connected (296)
2021-03-06 16:59:36 QtDebugMsg:FILE:..\teleportalQT\src\mainwindow.cpp LINE:296 MSG:Robot is not connected (296)
2021-03-06 16:59:36 QtDebugMsg:FILE:..\teleportalQT\src\mainwindow.cpp LINE:296 MSG:Robot is not connected (296)
2021-03-06 16:59:36 QtDebugMsg:FILE:..\teleportalQT\src\mainwindow.cpp LINE:296 MSG:Robot is not connected (296)
2021-03-06 16:59:36 QtDebugMsg:FILE:..\teleportalQT\src\mainwindow.cpp LINE:296 MSG:Robot is not connected (296)
2021-03-06 16:59:36 QtDebugMsg:FILE:..\teleportalQT\src\mainwindow.cpp LINE:296 MSG:Robot is not connected (296)
2021-03-06 16:59:36 QtDebugMsg:FILE:..\teleportalQT\src\mainwindow.cpp LINE:296 MSG:Robot is not connected (296)
2021-03-06 16:59:36 QtDebugMsg:FILE:..\teleportalQT\src\mainwindow.cpp LINE:296 MSG:Robot is not connected (296)
2021-03-06 16:59:36 QtDebugMsg:FILE:..\teleportalQT\src\mainwindow.cpp LINE:1241 MSG:PROXIMITY ALARM (1239)
2021-03-06 16:59:36 QtDebugMsg:FILE:..\teleportalQT\src\mainwindow.cpp LINE:1118 MSG:vehicle:  1 is not ready!
2021-03-06 16:59:36 QtDebugMsg:FILE:..\teleportalQT\src\mainwindow.cpp LINE:1258 MSG:OBSTACLE AVOIDANCE ENGAGED - DISARMING ROBOT
2021-03-06 16:59:36 QtDebugMsg:FILE:..\teleportalQT\src\mainwindow.cpp LINE:296 MSG:Robot is not connected (296)
2021-03-06 16:59:36 QtDebugMsg:FILE:..\teleportalQT\src\mainwindow.cpp LINE:296 MSG:Robot is not connected (296)
2021-03-06 16:59:36 QtDebugMsg:FILE:..\teleportalQT\src\mainwindow.cpp LINE:296 MSG:Robot is not connected (296)
2021-03-06 16:59:37 QtDebugMsg:FILE:..\teleportalQT\src\mainwindow.cpp LINE:296 MSG:Robot is not connected (296)
2021-03-06 16:59:37 QtDebugMsg:FILE:..\teleportalQT\src\mainwindow.cpp LINE:296 MSG:Robot is not connected (296)
2021-03-06 16:59:37 QtDebugMsg:FILE:..\teleportalQT\src\mainwindow.cpp LINE:296 MSG:Robot is not connected (296)
2021-03-06 16:59:37 QtDebugMsg:FILE:..\teleportalQT\src\mainwindow.cpp LINE:1241 MSG:PROXIMITY ALARM (1239)
2021-03-06 16:59:37 QtDebugMsg:FILE:..\teleportalQT\src\mainwindow.cpp LINE:296 MSG:Robot is not connected (296)
2021-03-06 16:59:37 QtDebugMsg:FILE:..\teleportalQT\src\mainwindow.cpp LINE:296 MSG:Robot is not connected (296)
2021-03-06 16:59:37 QtDebugMsg:FILE:..\teleportalQT\src\mainwindow.cpp LINE:296 MSG:Robot is not connected (296)
2021-03-06 16:59:37 QtDebugMsg:FILE:..\teleportalQT\src\mainwindow.cpp LINE:296 MSG:Robot is not connected (296)
2021-03-06 16:59:37 QtDebugMsg:FILE:..\teleportalQT\src\mainwindow.cpp LINE:296 MSG:Robot is not connected (296)
2021-03-06 16:59:37 QtDebugMsg:FILE:..\teleportalQT\src\mainwindow.cpp LINE:296 MSG:Robot is not connected (296)
2021-03-06 16:59:37 QtDebugMsg:FILE:..\teleportalQT\src\mainwindow.cpp LINE:296 MSG:Robot is not connected (296)
2021-03-06 16:59:37 QtDebugMsg:FILE:..\teleportalQT\src\mainwindow.cpp LINE:296 MSG:Robot is not connected (296)
2021-03-06 16:59:37 QtDebugMsg:FILE:..\teleportalQT\src\mainwindow.cpp LINE:1241 MSG:PROXIMITY ALARM (1239)
2021-03-06 16:59:37 QtDebugMsg:FILE:..\teleportalQT\src\mainwindow.cpp LINE:296 MSG:Robot is not connected (296)
2021-03-06 16:59:37 QtDebugMsg:FILE:..\teleportalQT\src\mainwindow.cpp LINE:296 MSG:Robot is not connected (296)
2021-03-06 16:59:37 QtDebugMsg:FILE:..\teleportalQT\src\mainwindow.cpp LINE:296 MSG:Robot is not connected (296)
2021-03-06 16:59:37 QtDebugMsg:FILE:..\teleportalQT\src\mainwindow.cpp LINE:296 MSG:Robot is not connected (296)
2021-03-06 16:59:37 QtDebugMsg:FILE:..\teleportalQT\src\mainwindow.cpp LINE:296 MSG:Robot is not connected (296)
2021-03-06 16:59:37 QtDebugMsg:FILE:..\teleportalQT\src\mainwindow.cpp LINE:296 MSG:Robot is not connected (296)
2021-03-06 16:59:37 QtDebugMsg:FILE:..\teleportalQT\src\mainwindow.cpp LINE:1241 MSG:PROXIMITY ALARM (1239)
2021-03-06 16:59:37 QtDebugMsg:FILE:..\teleportalQT\src\mainwindow.cpp LINE:296 MSG:Robot is not connected (296)
2021-03-06 16:59:37 QtDebugMsg:FILE:..\teleportalQT\src\mainwindow.cpp LINE:296 MSG:Robot is not connected (296)
2021-03-06 16:59:37 QtDebugMsg:FILE:..\teleportalQT\src\mainwindow.cpp LINE:296 MSG:Robot is not connected (296)
2021-03-06 16:59:37 QtDebugMsg:FILE:..\teleportalQT\src\mainwindow.cpp LINE:296 MSG:Robot is not connected (296)
2021-03-06 16:59:37 QtDebugMsg:FILE:..\teleportalQT\src\mainwindow.cpp LINE:296 MSG:Robot is not connected (296)
2021-03-06 16:59:37 QtDebugMsg:FILE:..\teleportalQT\src\mainwindow.cpp LINE:296 MSG:Robot is not connected (296)
2021-03-06 16:59:37 QtDebugMsg:FILE:..\teleportalQT\src\mainwindow.cpp LINE:296 MSG:Robot is not connected (296)
2021-03-06 16:59:37 QtDebugMsg:FILE:..\teleportalQT\src\mainwindow.cpp LINE:296 MSG:Robot is not connected (296)
2021-03-06 16:59:37 QtDebugMsg:FILE:..\teleportalQT\src\mainwindow.cpp LINE:296 MSG:Robot is not connected (296)
2021-03-06 16:59:37 QtDebugMsg:FILE:..\teleportalQT\src\mainwindow.cpp LINE:1241 MSG:PROXIMITY ALARM (1239)
2021-03-06 16:59:37 QtDebugMsg:FILE:..\teleportalQT\src\mainwindow.cpp LINE:296 MSG:Robot is not connected (296)
2021-03-06 16:59:37 QtDebugMsg:FILE:..\teleportalQT\src\mainwindow.cpp LINE:296 MSG:Robot is not connected (296)
2021-03-06 16:59:37 QtDebugMsg:FILE:..\teleportalQT\src\mainwindow.cpp LINE:296 MSG:Robot is not connected (296)
2021-03-06 16:59:37 QtDebugMsg:FILE:..\teleportalQT\src\mainwindow.cpp LINE:296 MSG:Robot is not connected (296)
2021-03-06 16:59:37 QtDebugMsg:FILE:..\teleportalQT\src\mainwindow.cpp LINE:296 MSG:Robot is not connected (296)
2021-03-06 16:59:37 QtDebugMsg:FILE:..\teleportalQT\src\mainwindow.cpp LINE:296 MSG:Robot is not connected (296)
2021-03-06 16:59:38 QtDebugMsg:FILE:..\teleportalQT\src\mainwindow.cpp LINE:296 MSG:Robot is not connected (296)
2021-03-06 16:59:38 QtDebugMsg:FILE:..\teleportalQT\src\mainwindow.cpp LINE:296 MSG:Robot is not connected (296)
2021-03-06 16:59:38 QtDebugMsg:FILE:..\teleportalQT\src\mainwindow.cpp LINE:1241 MSG:PROXIMITY ALARM (1239)
2021-03-06 16:59:38 QtDebugMsg:FILE:..\teleportalQT\src\mainwindow.cpp LINE:296 MSG:Robot is not connected (296)
2021-03-06 16:59:38 QtDebugMsg:FILE:..\teleportalQT\src\mainwindow.cpp LINE:296 MSG:Robot is not connected (296)
2021-03-06 16:59:38 QtDebugMsg:FILE:..\teleportalQT\src\mainwindow.cpp LINE:296 MSG:Robot is not connected (296)
2021-03-06 16:59:38 QtDebugMsg:FILE:..\teleportalQT\src\mainwindow.cpp LINE:296 MSG:Robot is not connected (296)
2021-03-06 16:59:38 QtDebugMsg:FILE:..\teleportalQT\src\mainwindow.cpp LINE:296 MSG:Robot is not connected (296)
2021-03-06 16:59:38 QtDebugMsg:FILE:..\teleportalQT\src\mainwindow.cpp LINE:296 MSG:Robot is not connected (296)
2021-03-06 16:59:38 QtDebugMsg:FILE:..\teleportalQT\src\mainwindow.cpp LINE:296 MSG:Robot is not connected (296)
2021-03-06 16:59:38 QtDebugMsg:FILE:..\teleportalQT\src\mainwindow.cpp LINE:296 MSG:Robot is not connected (296)
2021-03-06 16:59:38 QtDebugMsg:FILE:..\teleportalQT\src\mainwindow.cpp LINE:1241 MSG:PROXIMITY ALARM (1239)
2021-03-06 16:59:38 QtDebugMsg:FILE:..\teleportalQT\src\mainwindow.cpp LINE:296 MSG:Robot is not connected (296)
2021-03-06 16:59:38 QtDebugMsg:FILE:..\teleportalQT\src\mainwindow.cpp LINE:296 MSG:Robot is not connected (296)
2021-03-06 16:59:38 QtDebugMsg:FILE:..\teleportalQT\src\mainwindow.cpp LINE:296 MSG:Robot is not connected (296)
2021-03-06 16:59:38 QtDebugMsg:FILE:..\teleportalQT\src\mainwindow.cpp LINE:296 MSG:Robot is not connected (296)
2021-03-06 16:59:38 QtDebugMsg:FILE:..\teleportalQT\src\mainwindow.cpp LINE:296 MSG:Robot is not connected (296)
2021-03-06 16:59:38 QtDebugMsg:FILE:..\teleportalQT\src\mainwindow.cpp LINE:296 MSG:Robot is not connected (296)
2021-03-06 16:59:38 QtDebugMsg:FILE:..\teleportalQT\src\mainwindow.cpp LINE:296 MSG:Robot is not connected (296)
2021-03-06 16:59:38 QtDebugMsg:FILE:..\teleportalQT\src\mainwindow.cpp LINE:296 MSG:Robot is not connected (296)
2021-03-06 16:59:38 QtDebugMsg:FILE:..\teleportalQT\src\mainwindow.cpp LINE:1241 MSG:PROXIMITY ALARM (1239)
2021-03-06 16:59:38 QtDebugMsg:FILE:..\teleportalQT\src\mainwindow.cpp LINE:296 MSG:Robot is not connected (296)
2021-03-06 16:59:38 QtDebugMsg:FILE:..\teleportalQT\src\mainwindow.cpp LINE:296 MSG:Robot is not connected (296)
2021-03-06 16:59:38 QtDebugMsg:FILE:..\teleportalQT\src\mainwindow.cpp LINE:296 MSG:Robot is not connected (296)
2021-03-06 16:59:38 QtDebugMsg:FILE:..\teleportalQT\src\mainwindow.cpp LINE:296 MSG:Robot is not connected (296)
2021-03-06 16:59:38 QtDebugMsg:FILE:..\teleportalQT\src\mainwindow.cpp LINE:296 MSG:Robot is not connected (296)
2021-03-06 16:59:38 QtDebugMsg:FILE:..\teleportalQT\src\mainwindow.cpp LINE:296 MSG:Robot is not connected (296)
2021-03-06 16:59:38 QtDebugMsg:FILE:..\teleportalQT\src\mainwindow.cpp LINE:296 MSG:Robot is not connected (296)
2021-03-06 16:59:38 QtDebugMsg:FILE:..\teleportalQT\src\mainwindow.cpp LINE:296 MSG:Robot is not connected (296)
2021-03-06 16:59:38 QtDebugMsg:FILE:..\teleportalQT\src\mainwindow.cpp LINE:1241 MSG:PROXIMITY ALARM (1239)
2021-03-06 16:59:38 QtDebugMsg:FILE:..\teleportalQT\src\mainwindow.cpp LINE:296 MSG:Robot is not connected (296)
2021-03-06 16:59:38 QtDebugMsg:FILE:..\teleportalQT\src\mainwindow.cpp LINE:296 MSG:Robot is not connected (296)
2021-03-06 16:59:38 QtDebugMsg:FILE:..\teleportalQT\src\mainwindow.cpp LINE:296 MSG:Robot is not connected (296)
2021-03-06 16:59:38 QtDebugMsg:FILE:..\teleportalQT\src\mainwindow.cpp LINE:296 MSG:Robot is not connected (296)
2021-03-06 16:59:38 QtDebugMsg:FILE:..\teleportalQT\src\mainwindow.cpp LINE:296 MSG:Robot is not connected (296)
2021-03-06 16:59:38 QtDebugMsg:FILE:..\teleportalQT\src\mainwindow.cpp LINE:296 MSG:Robot is not connected (296)
2021-03-06 16:59:39 QtDebugMsg:FILE:..\teleportalQT\src\mainwindow.cpp LINE:296 MSG:Robot is not connected (296)
2021-03-06 16:59:39 QtDebugMsg:FILE:..\teleportalQT\src\mainwindow.cpp LINE:296 MSG:Robot is not connected (296)
2021-03-06 16:59:39 QtDebugMsg:FILE:..\teleportalQT\src\mainwindow.cpp LINE:1241 MSG:PROXIMITY ALARM (1239)
2021-03-06 16:59:39 QtDebugMsg:FILE:..\teleportalQT\src\mainwindow.cpp LINE:296 MSG:Robot is not connected (296)
2021-03-06 16:59:39 QtDebugMsg:FILE:..\teleportalQT\src\mainwindow.cpp LINE:296 MSG:Robot is not connected (296)
2021-03-06 16:59:39 QtDebugMsg:FILE:..\teleportalQT\src\mainwindow.cpp LINE:296 MSG:Robot is not connected (296)
2021-03-06 16:59:39 QtDebugMsg:FILE:..\teleportalQT\src\mainwindow.cpp LINE:296 MSG:Robot is not connected (296)
2021-03-06 16:59:39 QtDebugMsg:FILE:..\teleportalQT\src\mainwindow.cpp LINE:296 MSG:Robot is not connected (296)
2021-03-06 16:59:39 QtDebugMsg:FILE:..\teleportalQT\src\mainwindow.cpp LINE:296 MSG:Robot is not connected (296)
2021-03-06 16:59:39 QtDebugMsg:FILE:..\teleportalQT\src\mainwindow.cpp LINE:296 MSG:Robot is not connected (296)
2021-03-06 16:59:39 QtDebugMsg:FILE:..\teleportalQT\src\mainwindow.cpp LINE:296 MSG:Robot is not connected (296)
2021-03-06 16:59:39 QtDebugMsg:FILE:..\teleportalQT\src\mainwindow.cpp LINE:296 MSG:Robot is not connected (296)
2021-03-06 16:59:39 QtDebugMsg:FILE:..\teleportalQT\src\mainwindow.cpp LINE:1241 MSG:PROXIMITY ALARM (1239)
2021-03-06 16:59:39 QtDebugMsg:FILE:..\teleportalQT\src\mainwindow.cpp LINE:296 MSG:Robot is not connected (296)
2021-03-06 16:59:39 QtDebugMsg:FILE:..\teleportalQT\src\mainwindow.cpp LINE:296 MSG:Robot is not connected (296)
2021-03-06 16:59:39 QtDebugMsg:FILE:..\teleportalQT\src\mainwindow.cpp LINE:296 MSG:Robot is not connected (296)
2021-03-06 16:59:39 QtDebugMsg:FILE:..\teleportalQT\src\mainwindow.cpp LINE:296 MSG:Robot is not connected (296)
2021-03-06 16:59:39 QtDebugMsg:FILE:..\teleportalQT\src\mainwindow.cpp LINE:296 MSG:Robot is not connected (296)
2021-03-06 16:59:39 QtDebugMsg:FILE:..\teleportalQT\src\mainwindow.cpp LINE:296 MSG:Robot is not connected (296)
2021-03-06 16:59:39 QtDebugMsg:FILE:..\teleportalQT\src\mainwindow.cpp LINE:296 MSG:Robot is not connected (296)
2021-03-06 16:59:39 QtDebugMsg:FILE:..\teleportalQT\src\mainwindow.cpp LINE:296 MSG:Robot is not connected (296)
2021-03-06 16:59:39 QtDebugMsg:FILE:..\teleportalQT\src\mainwindow.cpp LINE:1241 MSG:PROXIMITY ALARM (1239)
2021-03-06 16:59:39 QtDebugMsg:FILE:..\teleportalQT\src\mainwindow.cpp LINE:296 MSG:Robot is not connected (296)
2021-03-06 16:59:39 QtDebugMsg:FILE:..\teleportalQT\src\mainwindow.cpp LINE:296 MSG:Robot is not connected (296)
2021-03-06 16:59:39 QtDebugMsg:FILE:..\teleportalQT\src\mainwindow.cpp LINE:296 MSG:Robot is not connected (296)
2021-03-06 16:59:39 QtDebugMsg:FILE:..\teleportalQT\src\mainwindow.cpp LINE:296 MSG:Robot is not connected (296)
2021-03-06 16:59:39 QtDebugMsg:FILE:..\teleportalQT\src\mainwindow.cpp LINE:296 MSG:Robot is not connected (296)
2021-03-06 16:59:39 QtDebugMsg:FILE:..\teleportalQT\src\mainwindow.cpp LINE:296 MSG:Robot is not connected (296)
2021-03-06 16:59:39 QtDebugMsg:FILE:..\teleportalQT\src\mainwindow.cpp LINE:296 MSG:Robot is not connected (296)
2021-03-06 16:59:39 QtDebugMsg:FILE:..\teleportalQT\src\mainwindow.cpp LINE:1241 MSG:PROXIMITY ALARM (1239)
2021-03-06 16:59:39 QtDebugMsg:FILE:..\teleportalQT\src\mainwindow.cpp LINE:296 MSG:Robot is not connected (296)
2021-03-06 16:59:39 QtDebugMsg:FILE:..\teleportalQT\src\mainwindow.cpp LINE:296 MSG:Robot is not connected (296)
2021-03-06 16:59:39 QtDebugMsg:FILE:..\teleportalQT\src\mainwindow.cpp LINE:296 MSG:Robot is not connected (296)
2021-03-06 16:59:39 QtDebugMsg:FILE:..\teleportalQT\src\mainwindow.cpp LINE:296 MSG:Robot is not connected (296)
2021-03-06 16:59:39 QtDebugMsg:FILE:..\teleportalQT\src\mainwindow.cpp LINE:296 MSG:Robot is not connected (296)
2021-03-06 16:59:39 QtDebugMsg:FILE:..\teleportalQT\src\mainwindow.cpp LINE:296 MSG:Robot is not connected (296)
2021-03-06 16:59:40 QtDebugMsg:FILE:..\teleportalQT\src\mainwindow.cpp LINE:296 MSG:Robot is not connected (296)
2021-03-06 16:59:40 QtDebugMsg:FILE:..\teleportalQT\src\mainwindow.cpp LINE:296 MSG:Robot is not connected (296)
2021-03-06 16:59:40 QtDebugMsg:FILE:..\teleportalQT\src\mainwindow.cpp LINE:1241 MSG:PROXIMITY ALARM (1239)
2021-03-06 16:59:40 QtDebugMsg:FILE:..\teleportalQT\src\mainwindow.cpp LINE:296 MSG:Robot is not connected (296)
2021-03-06 16:59:40 QtDebugMsg:FILE:..\teleportalQT\src\mainwindow.cpp LINE:296 MSG:Robot is not connected (296)
2021-03-06 16:59:40 QtDebugMsg:FILE:..\teleportalQT\src\mainwindow.cpp LINE:296 MSG:Robot is not connected (296)
2021-03-06 16:59:40 QtDebugMsg:FILE:..\teleportalQT\src\mainwindow.cpp LINE:296 MSG:Robot is not connected (296)
2021-03-06 16:59:40 QtDebugMsg:FILE:..\teleportalQT\src\mainwindow.cpp LINE:296 MSG:Robot is not connected (296)
2021-03-06 16:59:40 QtDebugMsg:FILE:..\teleportalQT\src\mainwindow.cpp LINE:296 MSG:Robot is not connected (296)
2021-03-06 16:59:40 QtDebugMsg:FILE:..\teleportalQT\src\mainwindow.cpp LINE:296 MSG:Robot is not connected (296)
2021-03-06 16:59:40 QtDebugMsg:FILE:..\teleportalQT\src\mainwindow.cpp LINE:296 MSG:Robot is not connected (296)
2021-03-06 16:59:40 QtDebugMsg:FILE:..\teleportalQT\src\mainwindow.cpp LINE:1241 MSG:PROXIMITY ALARM (1239)
2021-03-06 16:59:40 QtDebugMsg:FILE:..\teleportalQT\src\mainwindow.cpp LINE:296 MSG:Robot is not connected (296)
2021-03-06 16:59:40 QtDebugMsg:FILE:..\teleportalQT\src\mainwindow.cpp LINE:296 MSG:Robot is not connected (296)
2021-03-06 16:59:40 QtDebugMsg:FILE:..\teleportalQT\src\mainwindow.cpp LINE:296 MSG:Robot is not connected (296)
2021-03-06 16:59:40 QtDebugMsg:FILE:..\teleportalQT\src\mainwindow.cpp LINE:296 MSG:Robot is not connected (296)
2021-03-06 16:59:40 QtDebugMsg:FILE:..\teleportalQT\src\mainwindow.cpp LINE:296 MSG:Robot is not connected (296)
2021-03-06 16:59:40 QtDebugMsg:FILE:..\teleportalQT\src\mainwindow.cpp LINE:296 MSG:Robot is not connected (296)
2021-03-06 16:59:40 QtDebugMsg:FILE:..\teleportalQT\src\mainwindow.cpp LINE:296 MSG:Robot is not connected (296)
2021-03-06 16:59:40 QtDebugMsg:FILE:..\teleportalQT\src\mainwindow.cpp LINE:296 MSG:Robot is not connected (296)
2021-03-06 16:59:40 QtDebugMsg:FILE:..\teleportalQT\src\mainwindow.cpp LINE:296 MSG:Robot is not connected (296)
2021-03-06 16:59:40 QtDebugMsg:FILE:..\teleportalQT\src\mainwindow.cpp LINE:1241 MSG:PROXIMITY ALARM (1239)
2021-03-06 16:59:40 QtDebugMsg:FILE:..\teleportalQT\src\mainwindow.cpp LINE:296 MSG:Robot is not connected (296)
2021-03-06 16:59:40 QtDebugMsg:FILE:..\teleportalQT\src\mainwindow.cpp LINE:296 MSG:Robot is not connected (296)
2021-03-06 16:59:40 QtDebugMsg:FILE:..\teleportalQT\src\mainwindow.cpp LINE:296 MSG:Robot is not connected (296)
2021-03-06 16:59:40 QtDebugMsg:FILE:..\teleportalQT\src\mainwindow.cpp LINE:296 MSG:Robot is not connected (296)
2021-03-06 16:59:40 QtDebugMsg:FILE:..\teleportalQT\src\mainwindow.cpp LINE:296 MSG:Robot is not connected (296)
2021-03-06 16:59:40 QtDebugMsg:FILE:..\teleportalQT\src\mainwindow.cpp LINE:296 MSG:Robot is not connected (296)
2021-03-06 16:59:40 QtDebugMsg:FILE:..\teleportalQT\src\mainwindow.cpp LINE:296 MSG:Robot is not connected (296)
2021-03-06 16:59:40 QtDebugMsg:FILE:..\teleportalQT\src\mainwindow.cpp LINE:1241 MSG:PROXIMITY ALARM (1239)
2021-03-06 16:59:40 QtDebugMsg:FILE:..\teleportalQT\src\mainwindow.cpp LINE:1118 MSG:vehicle:  1 is not ready!
2021-03-06 16:59:40 QtDebugMsg:FILE:..\teleportalQT\src\mainwindow.cpp LINE:1258 MSG:OBSTACLE AVOIDANCE ENGAGED - DISARMING ROBOT
2021-03-06 16:59:40 QtDebugMsg:FILE:..\teleportalQT\src\mainwindow.cpp LINE:296 MSG:Robot is not connected (296)
2021-03-06 16:59:40 QtDebugMsg:FILE:..\teleportalQT\src\mainwindow.cpp LINE:296 MSG:Robot is not connected (296)
2021-03-06 16:59:40 QtDebugMsg:FILE:..\teleportalQT\src\mainwindow.cpp LINE:296 MSG:Robot is not connected (296)
2021-03-06 16:59:40 QtDebugMsg:FILE:..\teleportalQT\src\mainwindow.cpp LINE:296 MSG:Robot is not connected (296)
2021-03-06 16:59:40 QtDebugMsg:FILE:..\teleportalQT\src\mainwindow.cpp LINE:296 MSG:Robot is not connected (296)
2021-03-06 16:59:41 QtDebugMsg:FILE:..\teleportalQT\src\mainwindow.cpp LINE:296 MSG:Robot is not connected (296)
2021-03-06 16:59:41 QtDebugMsg:FILE:..\teleportalQT\src\mainwindow.cpp LINE:296 MSG:Robot is not connected (296)
2021-03-06 16:59:41 QtDebugMsg:FILE:..\teleportalQT\src\mainwindow.cpp LINE:296 MSG:Robot is not connected (296)
2021-03-06 16:59:41 QtDebugMsg:FILE:..\teleportalQT\src\mainwindow.cpp LINE:296 MSG:Robot is not connected (296)
2021-03-06 16:59:41 QtDebugMsg:FILE:..\teleportalQT\src\mainwindow.cpp LINE:296 MSG:Robot is not connected (296)
2021-03-06 16:59:41 QtDebugMsg:FILE:..\teleportalQT\src\mainwindow.cpp LINE:296 MSG:Robot is not connected (296)
2021-03-06 16:59:41 QtDebugMsg:FILE:..\teleportalQT\src\mainwindow.cpp LINE:296 MSG:Robot is not connected (296)
2021-03-06 16:59:41 QtDebugMsg:FILE:..\teleportalQT\src\mainwindow.cpp LINE:296 MSG:Robot is not connected (296)
2021-03-06 16:59:41 QtDebugMsg:FILE:..\teleportalQT\src\mainwindow.cpp LINE:296 MSG:Robot is not connected (296)
2021-03-06 16:59:41 QtDebugMsg:FILE:..\teleportalQT\src\mainwindow.cpp LINE:296 MSG:Robot is not connected (296)
2021-03-06 16:59:41 QtDebugMsg:FILE:..\teleportalQT\src\mainwindow.cpp LINE:296 MSG:Robot is not connected (296)
2021-03-06 16:59:41 QtDebugMsg:FILE:..\teleportalQT\src\mainwindow.cpp LINE:1241 MSG:PROXIMITY ALARM (1239)
2021-03-06 16:59:41 QtDebugMsg:FILE:..\teleportalQT\src\mainwindow.cpp LINE:296 MSG:Robot is not connected (296)
2021-03-06 16:59:41 QtDebugMsg:FILE:..\teleportalQT\src\mainwindow.cpp LINE:296 MSG:Robot is not connected (296)
2021-03-06 16:59:41 QtDebugMsg:FILE:..\teleportalQT\src\mainwindow.cpp LINE:296 MSG:Robot is not connected (296)
2021-03-06 16:59:41 QtDebugMsg:FILE:..\teleportalQT\src\mainwindow.cpp LINE:296 MSG:Robot is not connected (296)
2021-03-06 16:59:41 QtDebugMsg:FILE:..\teleportalQT\src\mainwindow.cpp LINE:296 MSG:Robot is not connected (296)
2021-03-06 16:59:41 QtDebugMsg:FILE:..\teleportalQT\src\mainwindow.cpp LINE:296 MSG:Robot is not connected (296)
2021-03-06 16:59:41 QtDebugMsg:FILE:..\teleportalQT\src\mainwindow.cpp LINE:296 MSG:Robot is not connected (296)
2021-03-06 16:59:41 QtDebugMsg:FILE:..\teleportalQT\src\mainwindow.cpp LINE:1241 MSG:PROXIMITY ALARM (1239)
2021-03-06 16:59:41 QtDebugMsg:FILE:..\teleportalQT\src\mainwindow.cpp LINE:296 MSG:Robot is not connected (296)
2021-03-06 16:59:41 QtDebugMsg:FILE:..\teleportalQT\src\mainwindow.cpp LINE:296 MSG:Robot is not connected (296)
2021-03-06 16:59:41 QtDebugMsg:FILE:..\teleportalQT\src\mainwindow.cpp LINE:296 MSG:Robot is not connected (296)
2021-03-06 16:59:41 QtDebugMsg:FILE:..\teleportalQT\src\mainwindow.cpp LINE:296 MSG:Robot is not connected (296)
2021-03-06 16:59:41 QtDebugMsg:FILE:..\teleportalQT\src\mainwindow.cpp LINE:296 MSG:Robot is not connected (296)
2021-03-06 16:59:41 QtDebugMsg:FILE:..\teleportalQT\src\mainwindow.cpp LINE:296 MSG:Robot is not connected (296)
2021-03-06 16:59:41 QtDebugMsg:FILE:..\teleportalQT\src\mainwindow.cpp LINE:296 MSG:Robot is not connected (296)
2021-03-06 16:59:41 QtDebugMsg:FILE:..\teleportalQT\src\mainwindow.cpp LINE:296 MSG:Robot is not connected (296)
2021-03-06 16:59:41 QtDebugMsg:FILE:..\teleportalQT\src\mainwindow.cpp LINE:296 MSG:Robot is not connected (296)
2021-03-06 16:59:41 QtDebugMsg:FILE:..\teleportalQT\src\mainwindow.cpp LINE:296 MSG:Robot is not connected (296)
2021-03-06 16:59:41 QtDebugMsg:FILE:..\teleportalQT\src\mainwindow.cpp LINE:1241 MSG:PROXIMITY ALARM (1239)
2021-03-06 16:59:41 QtDebugMsg:FILE:..\teleportalQT\src\mainwindow.cpp LINE:296 MSG:Robot is not connected (296)
2021-03-06 16:59:41 QtDebugMsg:FILE:..\teleportalQT\src\mainwindow.cpp LINE:296 MSG:Robot is not connected (296)
2021-03-06 16:59:41 QtDebugMsg:FILE:..\teleportalQT\src\mainwindow.cpp LINE:296 MSG:Robot is not connected (296)
2021-03-06 16:59:41 QtDebugMsg:FILE:..\teleportalQT\src\mainwindow.cpp LINE:296 MSG:Robot is not connected (296)
2021-03-06 16:59:42 QtDebugMsg:FILE:..\teleportalQT\src\mainwindow.cpp LINE:296 MSG:Robot is not connected (296)
2021-03-06 16:59:42 QtDebugMsg:FILE:..\teleportalQT\src\mainwindow.cpp LINE:296 MSG:Robot is not connected (296)
2021-03-06 16:59:42 QtDebugMsg:FILE:..\teleportalQT\src\mainwindow.cpp LINE:1241 MSG:PROXIMITY ALARM (1239)
2021-03-06 16:59:42 QtDebugMsg:FILE:..\teleportalQT\src\mainwindow.cpp LINE:296 MSG:Robot is not connected (296)
2021-03-06 16:59:42 QtDebugMsg:FILE:..\teleportalQT\src\mainwindow.cpp LINE:296 MSG:Robot is not connected (296)
2021-03-06 16:59:42 QtDebugMsg:FILE:..\teleportalQT\src\mainwindow.cpp LINE:296 MSG:Robot is not connected (296)
2021-03-06 16:59:42 QtDebugMsg:FILE:..\teleportalQT\src\mainwindow.cpp LINE:296 MSG:Robot is not connected (296)
2021-03-06 16:59:42 QtDebugMsg:FILE:..\teleportalQT\src\mainwindow.cpp LINE:296 MSG:Robot is not connected (296)
2021-03-06 16:59:42 QtDebugMsg:FILE:..\teleportalQT\src\mainwindow.cpp LINE:296 MSG:Robot is not connected (296)
2021-03-06 16:59:42 QtDebugMsg:FILE:..\teleportalQT\src\mainwindow.cpp LINE:296 MSG:Robot is not connected (296)
2021-03-06 16:59:42 QtDebugMsg:FILE:..\teleportalQT\src\mainwindow.cpp LINE:296 MSG:Robot is not connected (296)
2021-03-06 16:59:42 QtDebugMsg:FILE:..\teleportalQT\src\mainwindow.cpp LINE:1241 MSG:PROXIMITY ALARM (1239)
2021-03-06 16:59:42 QtDebugMsg:FILE:..\teleportalQT\src\mainwindow.cpp LINE:296 MSG:Robot is not connected (296)
2021-03-06 16:59:42 QtDebugMsg:FILE:..\teleportalQT\src\mainwindow.cpp LINE:296 MSG:Robot is not connected (296)
2021-03-06 16:59:42 QtDebugMsg:FILE:..\teleportalQT\src\mainwindow.cpp LINE:296 MSG:Robot is not connected (296)
2021-03-06 16:59:42 QtDebugMsg:FILE:..\teleportalQT\src\mainwindow.cpp LINE:296 MSG:Robot is not connected (296)
2021-03-06 16:59:42 QtDebugMsg:FILE:..\teleportalQT\src\mainwindow.cpp LINE:296 MSG:Robot is not connected (296)
2021-03-06 16:59:42 QtDebugMsg:FILE:..\teleportalQT\src\mainwindow.cpp LINE:296 MSG:Robot is not connected (296)
2021-03-06 16:59:42 QtDebugMsg:FILE:..\teleportalQT\src\mainwindow.cpp LINE:296 MSG:Robot is not connected (296)
2021-03-06 16:59:42 QtDebugMsg:FILE:..\teleportalQT\src\mainwindow.cpp LINE:296 MSG:Robot is not connected (296)
2021-03-06 16:59:42 QtDebugMsg:FILE:..\teleportalQT\src\mainwindow.cpp LINE:1241 MSG:PROXIMITY ALARM (1239)
2021-03-06 16:59:42 QtDebugMsg:FILE:..\teleportalQT\src\mainwindow.cpp LINE:296 MSG:Robot is not connected (296)
2021-03-06 16:59:42 QtDebugMsg:FILE:..\teleportalQT\src\mainwindow.cpp LINE:296 MSG:Robot is not connected (296)
2021-03-06 16:59:42 QtDebugMsg:FILE:..\teleportalQT\src\mainwindow.cpp LINE:296 MSG:Robot is not connected (296)
2021-03-06 16:59:42 QtDebugMsg:FILE:..\teleportalQT\src\mainwindow.cpp LINE:296 MSG:Robot is not connected (296)
2021-03-06 16:59:42 QtDebugMsg:FILE:..\teleportalQT\src\mainwindow.cpp LINE:1336 MSG:TRYING TO RECONNECT TO ROBOT AFTER TIMEOUT (1334)
2021-03-06 16:59:42 QtDebugMsg:FILE:..\teleportalQT\src\mainwindow.cpp LINE:1340 MSG:STOPPED ALL TIMERS (1338)
2021-03-06 16:59:42 QtDebugMsg:FILE:..\teleportalQT\src\mainwindow.cpp LINE:1118 MSG:vehicle:  1 is not ready!
2021-03-06 16:59:42 QtDebugMsg:FILE:..\teleportalQT\src\mainwindow.cpp LINE:1350 MSG:DEINITIALIZED ROBOT CONNECTION (1348)
2021-03-06 16:59:42 QtDebugMsg:FILE:..\teleportalQT\src\mainwindow.cpp LINE:1355 MSG:RETRYING ROBOT CONNECTION AGAIN (1353)
2021-03-06 16:59:42 QtDebugMsg:FILE:..\teleportalQT\src\pingsensor.cpp LINE:63 MSG:Connecting to "LinkConfiguration{Name: Ping1D, Sensor: Ping1D, LinkType: UDP, Arguments: (192.168.2.2:9090)}"
2021-03-06 16:59:42 QtDebugMsg:FILE:..\teleportalQT\dependencies\link\udplink.cpp LINE:35 MSG:"LinkConfiguration{Name: Ping1D, Sensor: Ping1D, LinkType: UDP, Arguments: (192.168.2.2:9090)}"
2021-03-06 16:59:42 QtDebugMsg:FILE:..\teleportalQT\src\pingsensor.cpp LINE:254 MSG:Start pre configuration task and requests.
2021-03-06 16:59:42 QtDebugMsg:FILE:..\teleportalQT\src\pingsensor.cpp LINE:254 MSG:Start pre configuration task and requests.
2021-03-06 16:59:42 QtDebugMsg:FILE:..\teleportalQT\src\mainwindow.cpp LINE:1362 MSG:RESTARTED TIMERS (1360)
2021-03-06 16:59:42 QtDebugMsg:FILE:..\teleportalQT\src\mainwindow.cpp LINE:296 MSG:Robot is not connected (296)
2021-03-06 16:59:42 QtDebugMsg:FILE:..\teleportalQT\src\mainwindow.cpp LINE:296 MSG:Robot is not connected (296)
2021-03-06 16:59:42 QtDebugMsg:FILE:..\teleportalQT\src\mainwindow.cpp LINE:296 MSG:Robot is not connected (296)
2021-03-06 16:59:42 QtDebugMsg:FILE:..\teleportalQT\src\mainwindow.cpp LINE:296 MSG:Robot is not connected (296)
2021-03-06 16:59:42 QtDebugMsg:FILE:..\teleportalQT\src\mainwindow.cpp LINE:296 MSG:Robot is not connected (296)
2021-03-06 16:59:42 QtDebugMsg:FILE:..\teleportalQT\src\mainwindow.cpp LINE:296 MSG:Robot is not connected (296)
2021-03-06 16:59:42 QtDebugMsg:FILE:..\teleportalQT\src\mainwindow.cpp LINE:296 MSG:Robot is not connected (296)
2021-03-06 16:59:42 QtDebugMsg:FILE:..\teleportalQT\src\mainwindow.cpp LINE:296 MSG:Robot is not connected (296)
2021-03-06 16:59:43 QtDebugMsg:FILE:..\teleportalQT\src\mainwindow.cpp LINE:296 MSG:Robot is not connected (296)
2021-03-06 16:59:43 QtDebugMsg:FILE:..\teleportalQT\src\mainwindow.cpp LINE:296 MSG:Robot is not connected (296)
2021-03-06 16:59:43 QtDebugMsg:FILE:..\teleportalQT\src\mainwindow.cpp LINE:296 MSG:Robot is not connected (296)
2021-03-06 16:59:43 QtDebugMsg:FILE:..\teleportalQT\src\mainwindow.cpp LINE:1241 MSG:PROXIMITY ALARM (1239)
2021-03-06 16:59:43 QtDebugMsg:FILE:..\teleportalQT\src\mainwindow.cpp LINE:296 MSG:Robot is not connected (296)
2021-03-06 16:59:43 QtDebugMsg:FILE:..\teleportalQT\src\mainwindow.cpp LINE:296 MSG:Robot is not connected (296)
2021-03-06 16:59:43 QtDebugMsg:FILE:..\teleportalQT\src\mainwindow.cpp LINE:296 MSG:Robot is not connected (296)
2021-03-06 16:59:43 QtDebugMsg:FILE:..\teleportalQT\src\mainwindow.cpp LINE:296 MSG:Robot is not connected (296)
2021-03-06 16:59:43 QtDebugMsg:FILE:..\teleportalQT\src\mainwindow.cpp LINE:296 MSG:Robot is not connected (296)
2021-03-06 16:59:43 QtDebugMsg:FILE:..\teleportalQT\src\mainwindow.cpp LINE:296 MSG:Robot is not connected (296)
2021-03-06 16:59:43 QtDebugMsg:FILE:..\teleportalQT\src\mainwindow.cpp LINE:296 MSG:Robot is not connected (296)
2021-03-06 16:59:43 QtDebugMsg:FILE:..\teleportalQT\src\mainwindow.cpp LINE:296 MSG:Robot is not connected (296)
2021-03-06 16:59:43 QtDebugMsg:FILE:..\teleportalQT\src\mainwindow.cpp LINE:296 MSG:Robot is not connected (296)
2021-03-06 16:59:43 QtDebugMsg:FILE:..\teleportalQT\src\mainwindow.cpp LINE:1241 MSG:PROXIMITY ALARM (1239)
2021-03-06 16:59:43 QtDebugMsg:FILE:..\teleportalQT\src\mainwindow.cpp LINE:296 MSG:Robot is not connected (296)
2021-03-06 16:59:43 QtDebugMsg:FILE:..\teleportalQT\src\mainwindow.cpp LINE:296 MSG:Robot is not connected (296)
2021-03-06 16:59:43 QtDebugMsg:FILE:..\teleportalQT\src\mainwindow.cpp LINE:296 MSG:Robot is not connected (296)
2021-03-06 16:59:43 QtDebugMsg:FILE:..\teleportalQT\src\mainwindow.cpp LINE:296 MSG:Robot is not connected (296)
2021-03-06 16:59:43 QtDebugMsg:FILE:..\teleportalQT\src\mainwindow.cpp LINE:296 MSG:Robot is not connected (296)
2021-03-06 16:59:43 QtDebugMsg:FILE:..\teleportalQT\src\mainwindow.cpp LINE:296 MSG:Robot is not connected (296)
2021-03-06 16:59:43 QtDebugMsg:FILE:..\teleportalQT\src\mainwindow.cpp LINE:296 MSG:Robot is not connected (296)
2021-03-06 16:59:43 QtDebugMsg:FILE:..\teleportalQT\src\mainwindow.cpp LINE:296 MSG:Robot is not connected (296)
2021-03-06 16:59:43 QtDebugMsg:FILE:..\teleportalQT\src\mainwindow.cpp LINE:296 MSG:Robot is not connected (296)
2021-03-06 16:59:43 QtDebugMsg:FILE:..\teleportalQT\src\mainwindow.cpp LINE:1241 MSG:PROXIMITY ALARM (1239)
2021-03-06 16:59:43 QtDebugMsg:FILE:..\teleportalQT\src\mainwindow.cpp LINE:296 MSG:Robot is not connected (296)
2021-03-06 16:59:43 QtDebugMsg:FILE:..\teleportalQT\src\mainwindow.cpp LINE:296 MSG:Robot is not connected (296)
2021-03-06 16:59:43 QtDebugMsg:FILE:..\teleportalQT\src\mainwindow.cpp LINE:296 MSG:Robot is not connected (296)
2021-03-06 16:59:43 QtDebugMsg:FILE:..\teleportalQT\src\mainwindow.cpp LINE:296 MSG:Robot is not connected (296)
2021-03-06 16:59:43 QtDebugMsg:FILE:..\teleportalQT\src\mainwindow.cpp LINE:296 MSG:Robot is not connected (296)
2021-03-06 16:59:43 QtDebugMsg:FILE:..\teleportalQT\src\mainwindow.cpp LINE:296 MSG:Robot is not connected (296)
2021-03-06 16:59:43 QtDebugMsg:FILE:..\teleportalQT\src\mainwindow.cpp LINE:296 MSG:Robot is not connected (296)
2021-03-06 16:59:43 QtDebugMsg:FILE:..\teleportalQT\src\mainwindow.cpp LINE:1241 MSG:PROXIMITY ALARM (1239)
2021-03-06 16:59:43 QtDebugMsg:FILE:..\teleportalQT\src\mainwindow.cpp LINE:296 MSG:Robot is not connected (296)
2021-03-06 16:59:43 QtDebugMsg:FILE:..\teleportalQT\src\mainwindow.cpp LINE:296 MSG:Robot is not connected (296)
2021-03-06 16:59:43 QtDebugMsg:FILE:..\teleportalQT\src\mainwindow.cpp LINE:296 MSG:Robot is not connected (296)
2021-03-06 16:59:43 QtDebugMsg:FILE:..\teleportalQT\src\mainwindow.cpp LINE:296 MSG:Robot is not connected (296)
2021-03-06 16:59:44 QtDebugMsg:FILE:..\teleportalQT\src\mainwindow.cpp LINE:296 MSG:Robot is not connected (296)
2021-03-06 16:59:44 QtDebugMsg:FILE:..\teleportalQT\src\mainwindow.cpp LINE:296 MSG:Robot is not connected (296)
2021-03-06 16:59:44 QtDebugMsg:FILE:..\teleportalQT\src\mainwindow.cpp LINE:296 MSG:Robot is not connected (296)
2021-03-06 16:59:44 QtDebugMsg:FILE:..\teleportalQT\src\mainwindow.cpp LINE:296 MSG:Robot is not connected (296)
2021-03-06 16:59:44 QtDebugMsg:FILE:..\teleportalQT\src\mainwindow.cpp LINE:1241 MSG:PROXIMITY ALARM (1239)
2021-03-06 16:59:44 QtDebugMsg:FILE:..\teleportalQT\src\mainwindow.cpp LINE:296 MSG:Robot is not connected (296)
2021-03-06 16:59:44 QtDebugMsg:FILE:..\teleportalQT\src\mainwindow.cpp LINE:296 MSG:Robot is not connected (296)
2021-03-06 16:59:44 QtDebugMsg:FILE:..\teleportalQT\src\mainwindow.cpp LINE:296 MSG:Robot is not connected (296)
2021-03-06 16:59:44 QtDebugMsg:FILE:..\teleportalQT\src\mainwindow.cpp LINE:296 MSG:Robot is not connected (296)
2021-03-06 16:59:44 QtDebugMsg:FILE:..\teleportalQT\src\mainwindow.cpp LINE:296 MSG:Robot is not connected (296)
2021-03-06 16:59:44 QtDebugMsg:FILE:..\teleportalQT\src\mainwindow.cpp LINE:296 MSG:Robot is not connected (296)
2021-03-06 16:59:44 QtDebugMsg:FILE:..\teleportalQT\src\mainwindow.cpp LINE:296 MSG:Robot is not connected (296)
2021-03-06 16:59:44 QtDebugMsg:FILE:..\teleportalQT\src\mainwindow.cpp LINE:1241 MSG:PROXIMITY ALARM (1239)
2021-03-06 16:59:44 QtDebugMsg:FILE:..\teleportalQT\src\mainwindow.cpp LINE:296 MSG:Robot is not connected (296)
2021-03-06 16:59:44 QtDebugMsg:FILE:..\teleportalQT\src\mainwindow.cpp LINE:296 MSG:Robot is not connected (296)
2021-03-06 16:59:44 QtDebugMsg:FILE:..\teleportalQT\src\mainwindow.cpp LINE:296 MSG:Robot is not connected (296)
2021-03-06 16:59:44 QtDebugMsg:FILE:..\teleportalQT\src\mainwindow.cpp LINE:296 MSG:Robot is not connected (296)
2021-03-06 16:59:44 QtDebugMsg:FILE:..\teleportalQT\src\mainwindow.cpp LINE:296 MSG:Robot is not connected (296)
2021-03-06 16:59:44 QtDebugMsg:FILE:..\teleportalQT\src\mainwindow.cpp LINE:296 MSG:Robot is not connected (296)
2021-03-06 16:59:44 QtDebugMsg:FILE:..\teleportalQT\src\mainwindow.cpp LINE:296 MSG:Robot is not connected (296)
2021-03-06 16:59:44 QtDebugMsg:FILE:..\teleportalQT\src\mainwindow.cpp LINE:296 MSG:Robot is not connected (296)
2021-03-06 16:59:44 QtDebugMsg:FILE:..\teleportalQT\src\mainwindow.cpp LINE:1241 MSG:PROXIMITY ALARM (1239)
2021-03-06 16:59:44 QtDebugMsg:FILE:..\teleportalQT\src\mainwindow.cpp LINE:296 MSG:Robot is not connected (296)
2021-03-06 16:59:44 QtDebugMsg:FILE:..\teleportalQT\src\mainwindow.cpp LINE:296 MSG:Robot is not connected (296)
2021-03-06 16:59:44 QtDebugMsg:FILE:..\teleportalQT\src\mainwindow.cpp LINE:296 MSG:Robot is not connected (296)
2021-03-06 16:59:44 QtDebugMsg:FILE:..\teleportalQT\src\mainwindow.cpp LINE:296 MSG:Robot is not connected (296)
2021-03-06 16:59:44 QtDebugMsg:FILE:..\teleportalQT\src\mainwindow.cpp LINE:296 MSG:Robot is not connected (296)
2021-03-06 16:59:44 QtDebugMsg:FILE:..\teleportalQT\src\mainwindow.cpp LINE:296 MSG:Robot is not connected (296)
2021-03-06 16:59:44 QtDebugMsg:FILE:..\teleportalQT\src\mainwindow.cpp LINE:296 MSG:Robot is not connected (296)
2021-03-06 16:59:44 QtDebugMsg:FILE:..\teleportalQT\src\mainwindow.cpp LINE:296 MSG:Robot is not connected (296)
2021-03-06 16:59:44 QtDebugMsg:FILE:..\teleportalQT\src\mainwindow.cpp LINE:1241 MSG:PROXIMITY ALARM (1239)
2021-03-06 16:59:44 QtDebugMsg:FILE:..\teleportalQT\src\mainwindow.cpp LINE:1118 MSG:vehicle:  1 is not ready!
2021-03-06 16:59:44 QtDebugMsg:FILE:..\teleportalQT\src\mainwindow.cpp LINE:1258 MSG:OBSTACLE AVOIDANCE ENGAGED - DISARMING ROBOT
2021-03-06 16:59:44 QtDebugMsg:FILE:..\teleportalQT\src\mainwindow.cpp LINE:296 MSG:Robot is not connected (296)
2021-03-06 16:59:44 QtDebugMsg:FILE:..\teleportalQT\src\mainwindow.cpp LINE:296 MSG:Robot is not connected (296)
2021-03-06 16:59:44 QtDebugMsg:FILE:..\teleportalQT\src\mainwindow.cpp LINE:296 MSG:Robot is not connected (296)
2021-03-06 16:59:44 QtDebugMsg:FILE:..\teleportalQT\src\mainwindow.cpp LINE:296 MSG:Robot is not connected (296)
2021-03-06 16:59:44 QtDebugMsg:FILE:..\teleportalQT\src\mainwindow.cpp LINE:296 MSG:Robot is not connected (296)
2021-03-06 16:59:45 QtDebugMsg:FILE:..\teleportalQT\src\mainwindow.cpp LINE:296 MSG:Robot is not connected (296)
2021-03-06 16:59:45 QtDebugMsg:FILE:..\teleportalQT\src\mainwindow.cpp LINE:296 MSG:Robot is not connected (296)
2021-03-06 16:59:45 QtDebugMsg:FILE:..\teleportalQT\src\mainwindow.cpp LINE:296 MSG:Robot is not connected (296)
2021-03-06 16:59:45 QtDebugMsg:FILE:..\teleportalQT\src\mainwindow.cpp LINE:1241 MSG:PROXIMITY ALARM (1239)
2021-03-06 16:59:45 QtDebugMsg:FILE:..\teleportalQT\src\mainwindow.cpp LINE:296 MSG:Robot is not connected (296)
2021-03-06 16:59:45 QtDebugMsg:FILE:..\teleportalQT\src\mainwindow.cpp LINE:296 MSG:Robot is not connected (296)
2021-03-06 16:59:45 QtDebugMsg:FILE:..\teleportalQT\src\mainwindow.cpp LINE:296 MSG:Robot is not connected (296)
2021-03-06 16:59:45 QtDebugMsg:FILE:..\teleportalQT\src\mainwindow.cpp LINE:296 MSG:Robot is not connected (296)
2021-03-06 16:59:45 QtDebugMsg:FILE:..\teleportalQT\src\mainwindow.cpp LINE:296 MSG:Robot is not connected (296)
2021-03-06 16:59:45 QtDebugMsg:FILE:..\teleportalQT\src\mainwindow.cpp LINE:296 MSG:Robot is not connected (296)
2021-03-06 16:59:45 QtDebugMsg:FILE:..\teleportalQT\src\mainwindow.cpp LINE:296 MSG:Robot is not connected (296)
2021-03-06 16:59:45 QtDebugMsg:FILE:..\teleportalQT\src\mainwindow.cpp LINE:296 MSG:Robot is not connected (296)
2021-03-06 16:59:45 QtDebugMsg:FILE:..\teleportalQT\src\mainwindow.cpp LINE:296 MSG:Robot is not connected (296)
2021-03-06 16:59:45 QtDebugMsg:FILE:..\teleportalQT\src\mainwindow.cpp LINE:1241 MSG:PROXIMITY ALARM (1239)
2021-03-06 16:59:45 QtDebugMsg:FILE:..\teleportalQT\src\mainwindow.cpp LINE:296 MSG:Robot is not connected (296)
2021-03-06 16:59:45 QtDebugMsg:FILE:..\teleportalQT\src\mainwindow.cpp LINE:296 MSG:Robot is not connected (296)
2021-03-06 16:59:45 QtDebugMsg:FILE:..\teleportalQT\src\mainwindow.cpp LINE:296 MSG:Robot is not connected (296)
2021-03-06 16:59:45 QtDebugMsg:FILE:..\teleportalQT\src\mainwindow.cpp LINE:296 MSG:Robot is not connected (296)
2021-03-06 16:59:45 QtDebugMsg:FILE:..\teleportalQT\src\mainwindow.cpp LINE:296 MSG:Robot is not connected (296)
2021-03-06 16:59:45 QtDebugMsg:FILE:..\teleportalQT\src\mainwindow.cpp LINE:296 MSG:Robot is not connected (296)
2021-03-06 16:59:45 QtDebugMsg:FILE:..\teleportalQT\src\mainwindow.cpp LINE:296 MSG:Robot is not connected (296)
2021-03-06 16:59:45 QtDebugMsg:FILE:..\teleportalQT\src\mainwindow.cpp LINE:296 MSG:Robot is not connected (296)
2021-03-06 16:59:45 QtDebugMsg:FILE:..\teleportalQT\src\mainwindow.cpp LINE:1241 MSG:PROXIMITY ALARM (1239)
2021-03-06 16:59:45 QtDebugMsg:FILE:..\teleportalQT\src\mainwindow.cpp LINE:296 MSG:Robot is not connected (296)
2021-03-06 16:59:45 QtDebugMsg:FILE:..\teleportalQT\src\mainwindow.cpp LINE:296 MSG:Robot is not connected (296)
2021-03-06 16:59:45 QtDebugMsg:FILE:..\teleportalQT\src\mainwindow.cpp LINE:296 MSG:Robot is not connected (296)
2021-03-06 16:59:45 QtDebugMsg:FILE:..\teleportalQT\src\mainwindow.cpp LINE:296 MSG:Robot is not connected (296)
2021-03-06 16:59:45 QtDebugMsg:FILE:..\teleportalQT\src\mainwindow.cpp LINE:296 MSG:Robot is not connected (296)
2021-03-06 16:59:45 QtDebugMsg:FILE:..\teleportalQT\src\mainwindow.cpp LINE:296 MSG:Robot is not connected (296)
2021-03-06 16:59:45 QtDebugMsg:FILE:..\teleportalQT\src\mainwindow.cpp LINE:296 MSG:Robot is not connected (296)
2021-03-06 16:59:45 QtDebugMsg:FILE:..\teleportalQT\src\mainwindow.cpp LINE:1241 MSG:PROXIMITY ALARM (1239)
2021-03-06 16:59:45 QtDebugMsg:FILE:..\teleportalQT\src\mainwindow.cpp LINE:296 MSG:Robot is not connected (296)
2021-03-06 16:59:45 QtDebugMsg:FILE:..\teleportalQT\src\mainwindow.cpp LINE:296 MSG:Robot is not connected (296)
2021-03-06 16:59:45 QtDebugMsg:FILE:..\teleportalQT\src\mainwindow.cpp LINE:296 MSG:Robot is not connected (296)
2021-03-06 16:59:45 QtDebugMsg:FILE:..\teleportalQT\src\mainwindow.cpp LINE:296 MSG:Robot is not connected (296)
2021-03-06 16:59:45 QtDebugMsg:FILE:..\teleportalQT\src\mainwindow.cpp LINE:296 MSG:Robot is not connected (296)
2021-03-06 16:59:46 QtDebugMsg:FILE:..\teleportalQT\src\mainwindow.cpp LINE:296 MSG:Robot is not connected (296)
2021-03-06 16:59:46 QtDebugMsg:FILE:..\teleportalQT\src\mainwindow.cpp LINE:296 MSG:Robot is not connected (296)
2021-03-06 16:59:46 QtDebugMsg:FILE:..\teleportalQT\src\mainwindow.cpp LINE:296 MSG:Robot is not connected (296)
2021-03-06 16:59:46 QtDebugMsg:FILE:..\teleportalQT\src\mainwindow.cpp LINE:296 MSG:Robot is not connected (296)
2021-03-06 16:59:46 QtDebugMsg:FILE:..\teleportalQT\src\mainwindow.cpp LINE:1241 MSG:PROXIMITY ALARM (1239)
2021-03-06 16:59:46 QtDebugMsg:FILE:..\teleportalQT\src\mainwindow.cpp LINE:296 MSG:Robot is not connected (296)
2021-03-06 16:59:46 QtDebugMsg:FILE:..\teleportalQT\src\mainwindow.cpp LINE:296 MSG:Robot is not connected (296)
2021-03-06 16:59:46 QtDebugMsg:FILE:..\teleportalQT\src\mainwindow.cpp LINE:296 MSG:Robot is not connected (296)
2021-03-06 16:59:46 QtDebugMsg:FILE:..\teleportalQT\src\mainwindow.cpp LINE:296 MSG:Robot is not connected (296)
2021-03-06 16:59:46 QtDebugMsg:FILE:..\teleportalQT\src\mainwindow.cpp LINE:296 MSG:Robot is not connected (296)
2021-03-06 16:59:46 QtDebugMsg:FILE:..\teleportalQT\src\mainwindow.cpp LINE:296 MSG:Robot is not connected (296)
2021-03-06 16:59:46 QtDebugMsg:FILE:..\teleportalQT\src\mainwindow.cpp LINE:296 MSG:Robot is not connected (296)
2021-03-06 16:59:46 QtDebugMsg:FILE:..\teleportalQT\src\mainwindow.cpp LINE:1241 MSG:PROXIMITY ALARM (1239)
2021-03-06 16:59:46 QtDebugMsg:FILE:..\teleportalQT\src\mainwindow.cpp LINE:296 MSG:Robot is not connected (296)
2021-03-06 16:59:46 QtDebugMsg:FILE:..\teleportalQT\src\mainwindow.cpp LINE:296 MSG:Robot is not connected (296)
2021-03-06 16:59:46 QtDebugMsg:FILE:..\teleportalQT\src\mainwindow.cpp LINE:296 MSG:Robot is not connected (296)
2021-03-06 16:59:46 QtDebugMsg:FILE:..\teleportalQT\src\mainwindow.cpp LINE:296 MSG:Robot is not connected (296)
2021-03-06 16:59:46 QtDebugMsg:FILE:..\teleportalQT\src\mainwindow.cpp LINE:296 MSG:Robot is not connected (296)
2021-03-06 16:59:46 QtDebugMsg:FILE:..\teleportalQT\src\mainwindow.cpp LINE:296 MSG:Robot is not connected (296)
2021-03-06 16:59:46 QtDebugMsg:FILE:..\teleportalQT\src\mainwindow.cpp LINE:296 MSG:Robot is not connected (296)
2021-03-06 16:59:46 QtDebugMsg:FILE:..\teleportalQT\src\mainwindow.cpp LINE:296 MSG:Robot is not connected (296)
2021-03-06 16:59:46 QtDebugMsg:FILE:..\teleportalQT\src\mainwindow.cpp LINE:1241 MSG:PROXIMITY ALARM (1239)
2021-03-06 16:59:46 QtDebugMsg:FILE:..\teleportalQT\src\mainwindow.cpp LINE:296 MSG:Robot is not connected (296)
2021-03-06 16:59:46 QtDebugMsg:FILE:..\teleportalQT\src\mainwindow.cpp LINE:296 MSG:Robot is not connected (296)
2021-03-06 16:59:46 QtDebugMsg:FILE:..\teleportalQT\src\mainwindow.cpp LINE:296 MSG:Robot is not connected (296)
2021-03-06 16:59:46 QtDebugMsg:FILE:..\teleportalQT\src\mainwindow.cpp LINE:296 MSG:Robot is not connected (296)
2021-03-06 16:59:46 QtDebugMsg:FILE:..\teleportalQT\src\mainwindow.cpp LINE:296 MSG:Robot is not connected (296)
2021-03-06 16:59:46 QtDebugMsg:FILE:..\teleportalQT\src\mainwindow.cpp LINE:296 MSG:Robot is not connected (296)
2021-03-06 16:59:46 QtDebugMsg:FILE:..\teleportalQT\src\mainwindow.cpp LINE:296 MSG:Robot is not connected (296)
2021-03-06 16:59:46 QtDebugMsg:FILE:..\teleportalQT\src\mainwindow.cpp LINE:296 MSG:Robot is not connected (296)
2021-03-06 16:59:46 QtDebugMsg:FILE:..\teleportalQT\src\mainwindow.cpp LINE:296 MSG:Robot is not connected (296)
2021-03-06 16:59:46 QtDebugMsg:FILE:..\teleportalQT\src\mainwindow.cpp LINE:1241 MSG:PROXIMITY ALARM (1239)
2021-03-06 16:59:46 QtDebugMsg:FILE:..\teleportalQT\src\mainwindow.cpp LINE:296 MSG:Robot is not connected (296)
2021-03-06 16:59:46 QtDebugMsg:FILE:..\teleportalQT\src\mainwindow.cpp LINE:296 MSG:Robot is not connected (296)
2021-03-06 16:59:46 QtDebugMsg:FILE:..\teleportalQT\src\mainwindow.cpp LINE:296 MSG:Robot is not connected (296)
2021-03-06 16:59:46 QtDebugMsg:FILE:..\teleportalQT\src\mainwindow.cpp LINE:296 MSG:Robot is not connected (296)
2021-03-06 16:59:47 QtDebugMsg:FILE:..\teleportalQT\src\mainwindow.cpp LINE:296 MSG:Robot is not connected (296)
2021-03-06 16:59:47 QtDebugMsg:FILE:..\teleportalQT\src\mainwindow.cpp LINE:296 MSG:Robot is not connected (296)
2021-03-06 16:59:47 QtDebugMsg:FILE:..\teleportalQT\src\mainwindow.cpp LINE:296 MSG:Robot is not connected (296)
2021-03-06 16:59:47 QtDebugMsg:FILE:..\teleportalQT\src\mainwindow.cpp LINE:296 MSG:Robot is not connected (296)
2021-03-06 16:59:47 QtDebugMsg:FILE:..\teleportalQT\src\mainwindow.cpp LINE:1241 MSG:PROXIMITY ALARM (1239)
2021-03-06 16:59:47 QtDebugMsg:FILE:..\teleportalQT\src\mainwindow.cpp LINE:296 MSG:Robot is not connected (296)
2021-03-06 16:59:47 QtDebugMsg:FILE:..\teleportalQT\src\mainwindow.cpp LINE:296 MSG:Robot is not connected (296)
2021-03-06 16:59:47 QtDebugMsg:FILE:..\teleportalQT\src\mainwindow.cpp LINE:296 MSG:Robot is not connected (296)
2021-03-06 16:59:47 QtDebugMsg:FILE:..\teleportalQT\src\mainwindow.cpp LINE:296 MSG:Robot is not connected (296)
2021-03-06 16:59:47 QtDebugMsg:FILE:..\teleportalQT\src\mainwindow.cpp LINE:296 MSG:Robot is not connected (296)
2021-03-06 16:59:47 QtDebugMsg:FILE:..\teleportalQT\src\mainwindow.cpp LINE:296 MSG:Robot is not connected (296)
2021-03-06 16:59:47 QtDebugMsg:FILE:..\teleportalQT\src\mainwindow.cpp LINE:296 MSG:Robot is not connected (296)
2021-03-06 16:59:47 QtDebugMsg:FILE:..\teleportalQT\src\mainwindow.cpp LINE:296 MSG:Robot is not connected (296)
2021-03-06 16:59:47 QtDebugMsg:FILE:..\teleportalQT\src\mainwindow.cpp LINE:1241 MSG:PROXIMITY ALARM (1239)
2021-03-06 16:59:47 QtDebugMsg:FILE:..\teleportalQT\src\mainwindow.cpp LINE:296 MSG:Robot is not connected (296)
2021-03-06 16:59:47 QtDebugMsg:FILE:..\teleportalQT\src\mainwindow.cpp LINE:296 MSG:Robot is not connected (296)
2021-03-06 16:59:47 QtDebugMsg:FILE:..\teleportalQT\src\mainwindow.cpp LINE:296 MSG:Robot is not connected (296)
2021-03-06 16:59:47 QtDebugMsg:FILE:..\teleportalQT\src\mainwindow.cpp LINE:296 MSG:Robot is not connected (296)
2021-03-06 16:59:47 QtDebugMsg:FILE:..\teleportalQT\src\mainwindow.cpp LINE:296 MSG:Robot is not connected (296)
2021-03-06 16:59:47 QtDebugMsg:FILE:..\teleportalQT\src\mainwindow.cpp LINE:296 MSG:Robot is not connected (296)
2021-03-06 16:59:47 QtDebugMsg:FILE:..\teleportalQT\src\mainwindow.cpp LINE:296 MSG:Robot is not connected (296)
2021-03-06 16:59:47 QtDebugMsg:FILE:..\teleportalQT\src\mainwindow.cpp LINE:296 MSG:Robot is not connected (296)
2021-03-06 16:59:47 QtDebugMsg:FILE:..\teleportalQT\src\mainwindow.cpp LINE:1241 MSG:PROXIMITY ALARM (1239)
2021-03-06 16:59:47 QtDebugMsg:FILE:..\teleportalQT\src\mainwindow.cpp LINE:296 MSG:Robot is not connected (296)
2021-03-06 16:59:47 QtDebugMsg:FILE:..\teleportalQT\src\mainwindow.cpp LINE:296 MSG:Robot is not connected (296)
2021-03-06 16:59:47 QtDebugMsg:FILE:..\teleportalQT\src\mainwindow.cpp LINE:296 MSG:Robot is not connected (296)
2021-03-06 16:59:47 QtDebugMsg:FILE:..\teleportalQT\src\mainwindow.cpp LINE:296 MSG:Robot is not connected (296)
2021-03-06 16:59:47 QtDebugMsg:FILE:..\teleportalQT\src\mainwindow.cpp LINE:296 MSG:Robot is not connected (296)
2021-03-06 16:59:47 QtDebugMsg:FILE:..\teleportalQT\src\mainwindow.cpp LINE:296 MSG:Robot is not connected (296)
2021-03-06 16:59:47 QtDebugMsg:FILE:..\teleportalQT\src\mainwindow.cpp LINE:296 MSG:Robot is not connected (296)
2021-03-06 16:59:47 QtDebugMsg:FILE:..\teleportalQT\src\mainwindow.cpp LINE:296 MSG:Robot is not connected (296)
2021-03-06 16:59:47 QtDebugMsg:FILE:..\teleportalQT\src\mainwindow.cpp LINE:296 MSG:Robot is not connected (296)
2021-03-06 16:59:47 QtDebugMsg:FILE:..\teleportalQT\src\mainwindow.cpp LINE:296 MSG:Robot is not connected (296)
2021-03-06 16:59:47 QtDebugMsg:FILE:..\teleportalQT\src\mainwindow.cpp LINE:1241 MSG:PROXIMITY ALARM (1239)
2021-03-06 16:59:47 QtDebugMsg:FILE:..\teleportalQT\src\mainwindow.cpp LINE:296 MSG:Robot is not connected (296)
2021-03-06 16:59:47 QtDebugMsg:FILE:..\teleportalQT\src\mainwindow.cpp LINE:112 MSG:Program Attempting To Exited
2021-03-06 16:59:47 QtDebugMsg:FILE:..\teleportalQT\src\mainwindow.cpp LINE:1118 MSG:vehicle:  1 is not ready!
2021-03-06 16:59:47 QtDebugMsg:FILE:..\teleportalQT\src\mainwindow.cpp LINE:116 MSG:Program Exited Successfully?
