2021-03-05 20:16:59 QtWarningMsg:FILE: LINE:0 MSG:QMetaObject::connectSlotsByName: No matching signal for on_modeBt_clicked()
2021-03-05 20:16:59 QtDebugMsg:FILE:..\teleportalQT\src\mainwindow.cpp LINE:1048 MSG:VIDEO PAGE DISPLAYED (1048)
2021-03-05 20:17:00 QtDebugMsg:FILE:..\teleportalQT\src\mainwindow.cpp LINE:1571 MSG:LOADED CONFIG FILE (1571)
2021-03-05 20:17:00 QtDebugMsg:FILE:..\teleportalQT\src\mainwindow.cpp LINE:86 MSG:ROBOT INITILIZED (86)
2021-03-05 20:17:00 QtDebugMsg:FILE:..\teleportalQT\src\pingsensor.cpp LINE:63 MSG:Connecting to "LinkConfiguration{Name: Ping1D, Sensor: Ping1D, LinkType: UDP, Arguments: (192.168.2.2:9090)}"
2021-03-05 20:17:00 QtDebugMsg:FILE:..\teleportalQT\dependencies\link\udplink.cpp LINE:35 MSG:"LinkConfiguration{Name: Ping1D, Sensor: Ping1D, LinkType: UDP, Arguments: (192.168.2.2:9090)}"
2021-03-05 20:17:00 QtDebugMsg:FILE:..\teleportalQT\src\pingsensor.cpp LINE:254 MSG:Start pre configuration task and requests.
2021-03-05 20:17:00 QtDebugMsg:FILE:..\teleportalQT\src\pingsensor.cpp LINE:254 MSG:Start pre configuration task and requests.
2021-03-05 20:17:00 QtDebugMsg:FILE:..\teleportalQT\src\mainwindow.cpp LINE:452 MSG:Application was resized (452)
2021-03-05 20:17:02 QtDebugMsg:FILE:..\teleportalQT\src\VideoReceiver.cpp LINE:422 MSG:State changed, _playing: true
2021-03-05 20:17:02 QtDebugMsg:FILE:..\teleportalQT\src\mainwindow.cpp LINE:452 MSG:Application was resized (452)
2021-03-05 20:17:02 QtDebugMsg:FILE:..\teleportalQT\src\mainwindow.cpp LINE:303 MSG:Attempting first connection to Robot
2021-03-05 20:17:02 QtDebugMsg:FILE:..\teleportalQT\src\mainwindow.cpp LINE:1176 MSG:DISARMING ROBOT (1176)
2021-03-05 20:17:17 QtDebugMsg:FILE:..\teleportalQT\src\mainwindow.cpp LINE:1193 MSG:DISPLAY MAP PAGE (1193)
2021-03-05 20:17:18 QtDebugMsg:FILE:..\teleportalQT\src\mainwindow.cpp LINE:1061 MSG:HELP PAGE DISPLAYED (1061)
2021-03-05 20:17:21 QtDebugMsg:FILE:..\teleportalQT\src\mainwindow.cpp LINE:1193 MSG:DISPLAY MAP PAGE (1193)
2021-03-05 20:17:22 QtDebugMsg:FILE:..\teleportalQT\src\mainwindow.cpp LINE:1048 MSG:VIDEO PAGE DISPLAYED (1048)
2021-03-05 20:17:24 QtDebugMsg:FILE:..\teleportalQT\src\mainwindow.cpp LINE:1151 MSG:ROBOT ARMED (1151)
2021-03-05 20:17:25 QtDebugMsg:FILE:..\teleportalQT\src\mainwindow.cpp LINE:480 MSG:You Pressed Key W - Up
2021-03-05 20:17:26 QtDebugMsg:FILE:..\teleportalQT\src\mainwindow.cpp LINE:864 MSG:You Released Key W
2021-03-05 20:17:26 QtDebugMsg:FILE:..\teleportalQT\src\mainwindow.cpp LINE:514 MSG:You Pressed Key A
2021-03-05 20:17:27 QtDebugMsg:FILE:..\teleportalQT\src\mainwindow.cpp LINE:898 MSG:You Released Key A
2021-03-05 20:17:27 QtDebugMsg:FILE:..\teleportalQT\src\mainwindow.cpp LINE:741 MSG:You Pressed Key 3 - MANUAL MODE
2021-03-05 20:17:28 QtDebugMsg:FILE:..\teleportalQT\src\mainwindow.cpp LINE:543 MSG:You Pressed Key D
2021-03-05 20:17:28 QtDebugMsg:FILE:..\teleportalQT\src\mainwindow.cpp LINE:915 MSG:You Released Key D
2021-03-05 20:17:28 QtDebugMsg:FILE:..\teleportalQT\src\mainwindow.cpp LINE:665 MSG:You Pressed Key F
2021-03-05 20:17:30 QtDebugMsg:FILE:..\teleportalQT\src\mainwindow.cpp LINE:1007 MSG:You Released Key F
2021-03-05 20:17:31 QtDebugMsg:FILE:..\teleportalQT\src\mainwindow.cpp LINE:665 MSG:You Pressed Key F
2021-03-05 20:17:32 QtDebugMsg:FILE:..\teleportalQT\src\mainwindow.cpp LINE:1007 MSG:You Released Key F
2021-03-05 20:17:33 QtDebugMsg:FILE:..\teleportalQT\src\mainwindow.cpp LINE:648 MSG:You Pressed Key R
2021-03-05 20:17:33 QtDebugMsg:FILE:..\teleportalQT\src\mainwindow.cpp LINE:1000 MSG:You Released Key R
2021-03-05 20:17:34 QtDebugMsg:FILE:..\teleportalQT\src\mainwindow.cpp LINE:665 MSG:You Pressed Key F
2021-03-05 20:17:34 QtDebugMsg:FILE:..\teleportalQT\src\mainwindow.cpp LINE:1007 MSG:You Released Key F
2021-03-05 20:17:38 QtDebugMsg:FILE:..\teleportalQT\src\mainwindow.cpp LINE:665 MSG:You Pressed Key F
2021-03-05 20:17:39 QtDebugMsg:FILE:..\teleportalQT\src\mainwindow.cpp LINE:1007 MSG:You Released Key F
2021-03-05 20:17:40 QtDebugMsg:FILE:..\teleportalQT\src\mainwindow.cpp LINE:648 MSG:You Pressed Key R
2021-03-05 20:17:41 QtDebugMsg:FILE:..\teleportalQT\src\mainwindow.cpp LINE:1000 MSG:You Released Key R
2021-03-05 20:17:42 QtDebugMsg:FILE:..\teleportalQT\src\mainwindow.cpp LINE:648 MSG:You Pressed Key R
2021-03-05 20:17:44 QtDebugMsg:FILE:..\teleportalQT\src\mainwindow.cpp LINE:1000 MSG:You Released Key R
2021-03-05 20:17:44 QtDebugMsg:FILE:..\teleportalQT\src\mainwindow.cpp LINE:648 MSG:You Pressed Key R
2021-03-05 20:17:45 QtDebugMsg:FILE:..\teleportalQT\src\mainwindow.cpp LINE:1000 MSG:You Released Key R
2021-03-05 20:17:49 QtDebugMsg:FILE:..\teleportalQT\src\mainwindow.cpp LINE:648 MSG:You Pressed Key R
2021-03-05 20:17:50 QtDebugMsg:FILE:..\teleportalQT\src\mainwindow.cpp LINE:1000 MSG:You Released Key R
2021-03-05 20:17:52 QtDebugMsg:FILE:..\teleportalQT\src\mainwindow.cpp LINE:648 MSG:You Pressed Key R
2021-03-05 20:17:53 QtDebugMsg:FILE:..\teleportalQT\src\mainwindow.cpp LINE:1000 MSG:You Released Key R
2021-03-05 20:17:54 QtDebugMsg:FILE:..\teleportalQT\src\mainwindow.cpp LINE:665 MSG:You Pressed Key F
2021-03-05 20:17:54 QtDebugMsg:FILE:..\teleportalQT\src\mainwindow.cpp LINE:1007 MSG:You Released Key F
2021-03-05 20:17:56 QtDebugMsg:FILE:..\teleportalQT\src\mainwindow.cpp LINE:665 MSG:You Pressed Key F
2021-03-05 20:17:56 QtDebugMsg:FILE:..\teleportalQT\src\mainwindow.cpp LINE:1007 MSG:You Released Key F
2021-03-05 20:17:57 QtDebugMsg:FILE:..\teleportalQT\src\mainwindow.cpp LINE:665 MSG:You Pressed Key F
2021-03-05 20:17:58 QtDebugMsg:FILE:..\teleportalQT\src\mainwindow.cpp LINE:1007 MSG:You Released Key F
2021-03-05 20:17:59 QtDebugMsg:FILE:..\teleportalQT\src\mainwindow.cpp LINE:665 MSG:You Pressed Key F
2021-03-05 20:17:59 QtDebugMsg:FILE:..\teleportalQT\src\mainwindow.cpp LINE:1007 MSG:You Released Key F
2021-03-05 20:18:01 QtDebugMsg:FILE:..\teleportalQT\src\mainwindow.cpp LINE:665 MSG:You Pressed Key F
2021-03-05 20:18:01 QtDebugMsg:FILE:..\teleportalQT\src\mainwindow.cpp LINE:1007 MSG:You Released Key F
2021-03-05 20:18:02 QtDebugMsg:FILE:..\teleportalQT\src\mainwindow.cpp LINE:665 MSG:You Pressed Key F
2021-03-05 20:18:03 QtDebugMsg:FILE:..\teleportalQT\src\mainwindow.cpp LINE:1007 MSG:You Released Key F
2021-03-05 20:18:09 QtDebugMsg:FILE:..\teleportalQT\src\mainwindow.cpp LINE:665 MSG:You Pressed Key F
2021-03-05 20:18:09 QtDebugMsg:FILE:..\teleportalQT\src\mainwindow.cpp LINE:1007 MSG:You Released Key F
2021-03-05 20:18:22 QtDebugMsg:FILE:..\teleportalQT\src\mainwindow.cpp LINE:648 MSG:You Pressed Key R
2021-03-05 20:18:22 QtDebugMsg:FILE:..\teleportalQT\src\mainwindow.cpp LINE:1000 MSG:You Released Key R
2021-03-05 20:18:24 QtDebugMsg:FILE:..\teleportalQT\src\mainwindow.cpp LINE:648 MSG:You Pressed Key R
2021-03-05 20:18:25 QtDebugMsg:FILE:..\teleportalQT\src\mainwindow.cpp LINE:1000 MSG:You Released Key R
2021-03-05 20:18:35 QtDebugMsg:FILE:..\teleportalQT\src\mainwindow.cpp LINE:648 MSG:You Pressed Key R
2021-03-05 20:18:36 QtDebugMsg:FILE:..\teleportalQT\src\mainwindow.cpp LINE:1000 MSG:You Released Key R
2021-03-05 20:18:38 QtDebugMsg:FILE:..\teleportalQT\src\mainwindow.cpp LINE:665 MSG:You Pressed Key F
2021-03-05 20:18:38 QtDebugMsg:FILE:..\teleportalQT\src\mainwindow.cpp LINE:1007 MSG:You Released Key F
2021-03-05 20:18:41 QtDebugMsg:FILE:..\teleportalQT\src\mainwindow.cpp LINE:665 MSG:You Pressed Key F
2021-03-05 20:18:42 QtDebugMsg:FILE:..\teleportalQT\src\mainwindow.cpp LINE:1007 MSG:You Released Key F
2021-03-05 20:18:43 QtDebugMsg:FILE:..\teleportalQT\src\mainwindow.cpp LINE:648 MSG:You Pressed Key R
2021-03-05 20:18:44 QtDebugMsg:FILE:..\teleportalQT\src\mainwindow.cpp LINE:1000 MSG:You Released Key R
2021-03-05 20:18:45 QtDebugMsg:FILE:..\teleportalQT\src\mainwindow.cpp LINE:648 MSG:You Pressed Key R
2021-03-05 20:18:46 QtDebugMsg:FILE:..\teleportalQT\src\mainwindow.cpp LINE:1000 MSG:You Released Key R
2021-03-05 20:18:47 QtDebugMsg:FILE:..\teleportalQT\src\mainwindow.cpp LINE:648 MSG:You Pressed Key R
2021-03-05 20:18:48 QtDebugMsg:FILE:..\teleportalQT\src\mainwindow.cpp LINE:1000 MSG:You Released Key R
2021-03-05 20:18:49 QtDebugMsg:FILE:..\teleportalQT\src\mainwindow.cpp LINE:665 MSG:You Pressed Key F
2021-03-05 20:18:50 QtDebugMsg:FILE:..\teleportalQT\src\mainwindow.cpp LINE:1007 MSG:You Released Key F
2021-03-05 20:18:51 QtDebugMsg:FILE:..\teleportalQT\src\mainwindow.cpp LINE:665 MSG:You Pressed Key F
2021-03-05 20:18:52 QtDebugMsg:FILE:..\teleportalQT\src\mainwindow.cpp LINE:1007 MSG:You Released Key F
2021-03-05 20:18:53 QtDebugMsg:FILE:..\teleportalQT\src\mainwindow.cpp LINE:665 MSG:You Pressed Key F
2021-03-05 20:18:54 QtDebugMsg:FILE:..\teleportalQT\src\mainwindow.cpp LINE:1007 MSG:You Released Key F
2021-03-05 20:18:55 QtDebugMsg:FILE:..\teleportalQT\src\mainwindow.cpp LINE:665 MSG:You Pressed Key F
2021-03-05 20:18:55 QtDebugMsg:FILE:..\teleportalQT\src\mainwindow.cpp LINE:1007 MSG:You Released Key F
2021-03-05 20:18:57 QtDebugMsg:FILE:..\teleportalQT\src\mainwindow.cpp LINE:665 MSG:You Pressed Key F
2021-03-05 20:18:58 QtDebugMsg:FILE:..\teleportalQT\src\mainwindow.cpp LINE:1007 MSG:You Released Key F
2021-03-05 20:19:00 QtDebugMsg:FILE:..\teleportalQT\src\mainwindow.cpp LINE:665 MSG:You Pressed Key F
2021-03-05 20:19:00 QtDebugMsg:FILE:..\teleportalQT\src\mainwindow.cpp LINE:1007 MSG:You Released Key F
2021-03-05 20:19:07 QtDebugMsg:FILE:..\teleportalQT\src\mainwindow.cpp LINE:665 MSG:You Pressed Key F
2021-03-05 20:19:07 QtDebugMsg:FILE:..\teleportalQT\src\mainwindow.cpp LINE:1007 MSG:You Released Key F
2021-03-05 20:19:09 QtDebugMsg:FILE:..\teleportalQT\src\mainwindow.cpp LINE:648 MSG:You Pressed Key R
2021-03-05 20:19:09 QtDebugMsg:FILE:..\teleportalQT\src\mainwindow.cpp LINE:1000 MSG:You Released Key R
2021-03-05 20:19:12 QtDebugMsg:FILE:..\teleportalQT\src\mainwindow.cpp LINE:648 MSG:You Pressed Key R
2021-03-05 20:19:13 QtDebugMsg:FILE:..\teleportalQT\src\mainwindow.cpp LINE:1000 MSG:You Released Key R
2021-03-05 20:19:16 QtDebugMsg:FILE:..\teleportalQT\src\mainwindow.cpp LINE:648 MSG:You Pressed Key R
2021-03-05 20:19:17 QtDebugMsg:FILE:..\teleportalQT\src\mainwindow.cpp LINE:1000 MSG:You Released Key R
2021-03-05 20:19:18 QtDebugMsg:FILE:..\teleportalQT\src\mainwindow.cpp LINE:665 MSG:You Pressed Key F
2021-03-05 20:19:19 QtDebugMsg:FILE:..\teleportalQT\src\mainwindow.cpp LINE:1007 MSG:You Released Key F
2021-03-05 20:19:19 QtDebugMsg:FILE:..\teleportalQT\src\mainwindow.cpp LINE:648 MSG:You Pressed Key R
2021-03-05 20:19:21 QtDebugMsg:FILE:..\teleportalQT\src\mainwindow.cpp LINE:1000 MSG:You Released Key R
2021-03-05 20:19:22 QtDebugMsg:FILE:..\teleportalQT\src\mainwindow.cpp LINE:648 MSG:You Pressed Key R
2021-03-05 20:19:23 QtDebugMsg:FILE:..\teleportalQT\src\mainwindow.cpp LINE:1000 MSG:You Released Key R
2021-03-05 20:19:25 QtDebugMsg:FILE:..\teleportalQT\src\mainwindow.cpp LINE:648 MSG:You Pressed Key R
2021-03-05 20:19:26 QtDebugMsg:FILE:..\teleportalQT\src\mainwindow.cpp LINE:1000 MSG:You Released Key R
2021-03-05 20:19:26 QtDebugMsg:FILE:..\teleportalQT\src\mainwindow.cpp LINE:648 MSG:You Pressed Key R
2021-03-05 20:19:27 QtDebugMsg:FILE:..\teleportalQT\src\mainwindow.cpp LINE:1000 MSG:You Released Key R
2021-03-05 20:19:27 QtDebugMsg:FILE:..\teleportalQT\src\mainwindow.cpp LINE:648 MSG:You Pressed Key R
2021-03-05 20:19:28 QtDebugMsg:FILE:..\teleportalQT\src\mainwindow.cpp LINE:1000 MSG:You Released Key R
2021-03-05 20:19:28 QtDebugMsg:FILE:..\teleportalQT\src\mainwindow.cpp LINE:665 MSG:You Pressed Key F
2021-03-05 20:19:29 QtDebugMsg:FILE:..\teleportalQT\src\mainwindow.cpp LINE:1007 MSG:You Released Key F
2021-03-05 20:19:29 QtDebugMsg:FILE:..\teleportalQT\src\mainwindow.cpp LINE:480 MSG:You Pressed Key W - Up
2021-03-05 20:19:30 QtDebugMsg:FILE:..\teleportalQT\src\mainwindow.cpp LINE:864 MSG:You Released Key W
2021-03-05 20:19:31 QtDebugMsg:FILE:..\teleportalQT\src\mainwindow.cpp LINE:648 MSG:You Pressed Key R
2021-03-05 20:19:32 QtDebugMsg:FILE:..\teleportalQT\src\mainwindow.cpp LINE:1000 MSG:You Released Key R
2021-03-05 20:19:33 QtDebugMsg:FILE:..\teleportalQT\src\mainwindow.cpp LINE:648 MSG:You Pressed Key R
2021-03-05 20:19:34 QtDebugMsg:FILE:..\teleportalQT\src\mainwindow.cpp LINE:1000 MSG:You Released Key R
2021-03-05 20:19:35 QtDebugMsg:FILE:..\teleportalQT\src\mainwindow.cpp LINE:665 MSG:You Pressed Key F
2021-03-05 20:19:35 QtDebugMsg:FILE:..\teleportalQT\src\mainwindow.cpp LINE:1007 MSG:You Released Key F
2021-03-05 20:19:36 QtDebugMsg:FILE:..\teleportalQT\src\mainwindow.cpp LINE:665 MSG:You Pressed Key F
2021-03-05 20:19:37 QtDebugMsg:FILE:..\teleportalQT\src\mainwindow.cpp LINE:1007 MSG:You Released Key F
2021-03-05 20:19:39 QtDebugMsg:FILE:..\teleportalQT\src\mainwindow.cpp LINE:648 MSG:You Pressed Key R
2021-03-05 20:19:39 QtDebugMsg:FILE:..\teleportalQT\src\mainwindow.cpp LINE:1000 MSG:You Released Key R
2021-03-05 20:21:12 QtDebugMsg:FILE:..\teleportalQT\src\mainwindow.cpp LINE:665 MSG:You Pressed Key F
2021-03-05 20:21:12 QtDebugMsg:FILE:..\teleportalQT\src\mainwindow.cpp LINE:1007 MSG:You Released Key F
2021-03-05 20:21:14 QtDebugMsg:FILE:..\teleportalQT\src\mainwindow.cpp LINE:665 MSG:You Pressed Key F
2021-03-05 20:21:15 QtDebugMsg:FILE:..\teleportalQT\src\mainwindow.cpp LINE:1007 MSG:You Released Key F
2021-03-05 20:21:16 QtDebugMsg:FILE:..\teleportalQT\src\mainwindow.cpp LINE:665 MSG:You Pressed Key F
2021-03-05 20:21:17 QtDebugMsg:FILE:..\teleportalQT\src\mainwindow.cpp LINE:1007 MSG:You Released Key F
2021-03-05 20:21:27 QtDebugMsg:FILE:..\teleportalQT\src\mainwindow.cpp LINE:648 MSG:You Pressed Key R
2021-03-05 20:21:27 QtDebugMsg:FILE:..\teleportalQT\src\mainwindow.cpp LINE:1000 MSG:You Released Key R
2021-03-05 20:21:29 QtDebugMsg:FILE:..\teleportalQT\src\mainwindow.cpp LINE:648 MSG:You Pressed Key R
2021-03-05 20:21:30 QtDebugMsg:FILE:..\teleportalQT\src\mainwindow.cpp LINE:1000 MSG:You Released Key R
2021-03-05 20:21:36 QtDebugMsg:FILE:..\teleportalQT\src\mainwindow.cpp LINE:648 MSG:You Pressed Key R
2021-03-05 20:21:36 QtDebugMsg:FILE:..\teleportalQT\src\mainwindow.cpp LINE:1000 MSG:You Released Key R
2021-03-05 20:21:44 QtDebugMsg:FILE:..\teleportalQT\src\mainwindow.cpp LINE:648 MSG:You Pressed Key R
2021-03-05 20:21:44 QtDebugMsg:FILE:..\teleportalQT\src\mainwindow.cpp LINE:1000 MSG:You Released Key R
2021-03-05 20:21:56 QtDebugMsg:FILE:..\teleportalQT\src\mainwindow.cpp LINE:648 MSG:You Pressed Key R
2021-03-05 20:21:56 QtDebugMsg:FILE:..\teleportalQT\src\mainwindow.cpp LINE:1000 MSG:You Released Key R
2021-03-05 20:21:58 QtDebugMsg:FILE:..\teleportalQT\src\mainwindow.cpp LINE:648 MSG:You Pressed Key R
2021-03-05 20:21:58 QtDebugMsg:FILE:..\teleportalQT\src\mainwindow.cpp LINE:1000 MSG:You Released Key R
2021-03-05 20:21:59 QtDebugMsg:FILE:..\teleportalQT\src\mainwindow.cpp LINE:648 MSG:You Pressed Key R
2021-03-05 20:22:00 QtDebugMsg:FILE:..\teleportalQT\src\mainwindow.cpp LINE:1000 MSG:You Released Key R
2021-03-05 20:22:01 QtDebugMsg:FILE:..\teleportalQT\src\mainwindow.cpp LINE:648 MSG:You Pressed Key R
2021-03-05 20:22:01 QtDebugMsg:FILE:..\teleportalQT\src\mainwindow.cpp LINE:1000 MSG:You Released Key R
2021-03-05 20:22:03 QtDebugMsg:FILE:..\teleportalQT\src\mainwindow.cpp LINE:648 MSG:You Pressed Key R
2021-03-05 20:22:03 QtDebugMsg:FILE:..\teleportalQT\src\mainwindow.cpp LINE:1000 MSG:You Released Key R
2021-03-05 20:22:04 QtDebugMsg:FILE:..\teleportalQT\src\mainwindow.cpp LINE:665 MSG:You Pressed Key F
2021-03-05 20:22:04 QtDebugMsg:FILE:..\teleportalQT\src\mainwindow.cpp LINE:1007 MSG:You Released Key F
2021-03-05 20:22:05 QtDebugMsg:FILE:..\teleportalQT\src\mainwindow.cpp LINE:665 MSG:You Pressed Key F
2021-03-05 20:22:06 QtDebugMsg:FILE:..\teleportalQT\src\mainwindow.cpp LINE:1007 MSG:You Released Key F
2021-03-05 20:22:07 QtDebugMsg:FILE:..\teleportalQT\src\mainwindow.cpp LINE:665 MSG:You Pressed Key F
2021-03-05 20:22:07 QtDebugMsg:FILE:..\teleportalQT\src\mainwindow.cpp LINE:1007 MSG:You Released Key F
2021-03-05 20:22:08 QtDebugMsg:FILE:..\teleportalQT\src\mainwindow.cpp LINE:665 MSG:You Pressed Key F
2021-03-05 20:22:08 QtDebugMsg:FILE:..\teleportalQT\src\mainwindow.cpp LINE:1007 MSG:You Released Key F
2021-03-05 20:22:09 QtDebugMsg:FILE:..\teleportalQT\src\mainwindow.cpp LINE:665 MSG:You Pressed Key F
2021-03-05 20:22:09 QtDebugMsg:FILE:..\teleportalQT\src\mainwindow.cpp LINE:1007 MSG:You Released Key F
2021-03-05 20:22:10 QtDebugMsg:FILE:..\teleportalQT\src\mainwindow.cpp LINE:665 MSG:You Pressed Key F
2021-03-05 20:22:11 QtDebugMsg:FILE:..\teleportalQT\src\mainwindow.cpp LINE:1007 MSG:You Released Key F
2021-03-05 20:22:11 QtDebugMsg:FILE:..\teleportalQT\src\mainwindow.cpp LINE:665 MSG:You Pressed Key F
2021-03-05 20:22:11 QtDebugMsg:FILE:..\teleportalQT\src\mainwindow.cpp LINE:1007 MSG:You Released Key F
2021-03-05 20:22:12 QtDebugMsg:FILE:..\teleportalQT\src\mainwindow.cpp LINE:665 MSG:You Pressed Key F
2021-03-05 20:22:12 QtDebugMsg:FILE:..\teleportalQT\src\mainwindow.cpp LINE:1007 MSG:You Released Key F
2021-03-05 20:22:13 QtDebugMsg:FILE:..\teleportalQT\src\mainwindow.cpp LINE:665 MSG:You Pressed Key F
2021-03-05 20:22:13 QtDebugMsg:FILE:..\teleportalQT\src\mainwindow.cpp LINE:1007 MSG:You Released Key F
2021-03-05 20:22:15 QtDebugMsg:FILE:..\teleportalQT\src\mainwindow.cpp LINE:665 MSG:You Pressed Key F
2021-03-05 20:22:15 QtDebugMsg:FILE:..\teleportalQT\src\mainwindow.cpp LINE:1007 MSG:You Released Key F
2021-03-05 20:22:16 QtDebugMsg:FILE:..\teleportalQT\src\mainwindow.cpp LINE:648 MSG:You Pressed Key R
2021-03-05 20:22:16 QtDebugMsg:FILE:..\teleportalQT\src\mainwindow.cpp LINE:1000 MSG:You Released Key R
2021-03-05 20:22:17 QtDebugMsg:FILE:..\teleportalQT\src\mainwindow.cpp LINE:648 MSG:You Pressed Key R
2021-03-05 20:22:17 QtDebugMsg:FILE:..\teleportalQT\src\mainwindow.cpp LINE:1000 MSG:You Released Key R
2021-03-05 20:22:17 QtDebugMsg:FILE:..\teleportalQT\src\mainwindow.cpp LINE:648 MSG:You Pressed Key R
2021-03-05 20:22:17 QtDebugMsg:FILE:..\teleportalQT\src\mainwindow.cpp LINE:1000 MSG:You Released Key R
2021-03-05 20:22:18 QtDebugMsg:FILE:..\teleportalQT\src\mainwindow.cpp LINE:648 MSG:You Pressed Key R
2021-03-05 20:22:18 QtDebugMsg:FILE:..\teleportalQT\src\mainwindow.cpp LINE:1000 MSG:You Released Key R
2021-03-05 20:22:19 QtDebugMsg:FILE:..\teleportalQT\src\mainwindow.cpp LINE:648 MSG:You Pressed Key R
2021-03-05 20:22:19 QtDebugMsg:FILE:..\teleportalQT\src\mainwindow.cpp LINE:1000 MSG:You Released Key R
2021-03-05 20:22:19 QtDebugMsg:FILE:..\teleportalQT\src\mainwindow.cpp LINE:648 MSG:You Pressed Key R
2021-03-05 20:22:19 QtDebugMsg:FILE:..\teleportalQT\src\mainwindow.cpp LINE:1000 MSG:You Released Key R
2021-03-05 20:22:20 QtDebugMsg:FILE:..\teleportalQT\src\mainwindow.cpp LINE:648 MSG:You Pressed Key R
2021-03-05 20:22:20 QtDebugMsg:FILE:..\teleportalQT\src\mainwindow.cpp LINE:1000 MSG:You Released Key R
2021-03-05 20:22:21 QtDebugMsg:FILE:..\teleportalQT\src\mainwindow.cpp LINE:648 MSG:You Pressed Key R
2021-03-05 20:22:21 QtDebugMsg:FILE:..\teleportalQT\src\mainwindow.cpp LINE:1000 MSG:You Released Key R
2021-03-05 20:22:21 QtDebugMsg:FILE:..\teleportalQT\src\mainwindow.cpp LINE:648 MSG:You Pressed Key R
2021-03-05 20:22:21 QtDebugMsg:FILE:..\teleportalQT\src\mainwindow.cpp LINE:1000 MSG:You Released Key R
2021-03-05 20:22:22 QtDebugMsg:FILE:..\teleportalQT\src\mainwindow.cpp LINE:648 MSG:You Pressed Key R
2021-03-05 20:22:22 QtDebugMsg:FILE:..\teleportalQT\src\mainwindow.cpp LINE:1000 MSG:You Released Key R
2021-03-05 20:22:22 QtDebugMsg:FILE:..\teleportalQT\src\mainwindow.cpp LINE:648 MSG:You Pressed Key R
2021-03-05 20:22:22 QtDebugMsg:FILE:..\teleportalQT\src\mainwindow.cpp LINE:1000 MSG:You Released Key R
2021-03-05 20:22:23 QtDebugMsg:FILE:..\teleportalQT\src\mainwindow.cpp LINE:648 MSG:You Pressed Key R
2021-03-05 20:22:23 QtDebugMsg:FILE:..\teleportalQT\src\mainwindow.cpp LINE:1000 MSG:You Released Key R
2021-03-05 20:22:23 QtDebugMsg:FILE:..\teleportalQT\src\mainwindow.cpp LINE:648 MSG:You Pressed Key R
2021-03-05 20:22:24 QtDebugMsg:FILE:..\teleportalQT\src\mainwindow.cpp LINE:1000 MSG:You Released Key R
2021-03-05 20:22:24 QtDebugMsg:FILE:..\teleportalQT\src\mainwindow.cpp LINE:648 MSG:You Pressed Key R
2021-03-05 20:22:24 QtDebugMsg:FILE:..\teleportalQT\src\mainwindow.cpp LINE:1000 MSG:You Released Key R
2021-03-05 20:22:24 QtDebugMsg:FILE:..\teleportalQT\src\mainwindow.cpp LINE:648 MSG:You Pressed Key R
2021-03-05 20:22:25 QtDebugMsg:FILE:..\teleportalQT\src\mainwindow.cpp LINE:1000 MSG:You Released Key R
2021-03-05 20:22:25 QtDebugMsg:FILE:..\teleportalQT\src\mainwindow.cpp LINE:648 MSG:You Pressed Key R
2021-03-05 20:22:25 QtDebugMsg:FILE:..\teleportalQT\src\mainwindow.cpp LINE:1000 MSG:You Released Key R
2021-03-05 20:22:25 QtDebugMsg:FILE:..\teleportalQT\src\mainwindow.cpp LINE:648 MSG:You Pressed Key R
2021-03-05 20:22:26 QtDebugMsg:FILE:..\teleportalQT\src\mainwindow.cpp LINE:1000 MSG:You Released Key R
2021-03-05 20:22:26 QtDebugMsg:FILE:..\teleportalQT\src\mainwindow.cpp LINE:648 MSG:You Pressed Key R
2021-03-05 20:22:26 QtDebugMsg:FILE:..\teleportalQT\src\mainwindow.cpp LINE:1000 MSG:You Released Key R
2021-03-05 20:22:27 QtDebugMsg:FILE:..\teleportalQT\src\mainwindow.cpp LINE:648 MSG:You Pressed Key R
2021-03-05 20:22:27 QtDebugMsg:FILE:..\teleportalQT\src\mainwindow.cpp LINE:1000 MSG:You Released Key R
2021-03-05 20:22:27 QtDebugMsg:FILE:..\teleportalQT\src\mainwindow.cpp LINE:648 MSG:You Pressed Key R
2021-03-05 20:22:27 QtDebugMsg:FILE:..\teleportalQT\src\mainwindow.cpp LINE:1000 MSG:You Released Key R
2021-03-05 20:22:28 QtDebugMsg:FILE:..\teleportalQT\src\mainwindow.cpp LINE:648 MSG:You Pressed Key R
2021-03-05 20:22:28 QtDebugMsg:FILE:..\teleportalQT\src\mainwindow.cpp LINE:1000 MSG:You Released Key R
2021-03-05 20:22:29 QtDebugMsg:FILE:..\teleportalQT\src\mainwindow.cpp LINE:665 MSG:You Pressed Key F
2021-03-05 20:22:29 QtDebugMsg:FILE:..\teleportalQT\src\mainwindow.cpp LINE:1007 MSG:You Released Key F
2021-03-05 20:22:29 QtDebugMsg:FILE:..\teleportalQT\src\mainwindow.cpp LINE:665 MSG:You Pressed Key F
2021-03-05 20:22:29 QtDebugMsg:FILE:..\teleportalQT\src\mainwindow.cpp LINE:1007 MSG:You Released Key F
2021-03-05 20:22:30 QtDebugMsg:FILE:..\teleportalQT\src\mainwindow.cpp LINE:665 MSG:You Pressed Key F
2021-03-05 20:22:30 QtDebugMsg:FILE:..\teleportalQT\src\mainwindow.cpp LINE:1007 MSG:You Released Key F
2021-03-05 20:22:31 QtDebugMsg:FILE:..\teleportalQT\src\mainwindow.cpp LINE:665 MSG:You Pressed Key F
2021-03-05 20:22:31 QtDebugMsg:FILE:..\teleportalQT\src\mainwindow.cpp LINE:1007 MSG:You Released Key F
2021-03-05 20:22:31 QtDebugMsg:FILE:..\teleportalQT\src\mainwindow.cpp LINE:665 MSG:You Pressed Key F
2021-03-05 20:22:31 QtDebugMsg:FILE:..\teleportalQT\src\mainwindow.cpp LINE:1007 MSG:You Released Key F
2021-03-05 20:22:32 QtDebugMsg:FILE:..\teleportalQT\src\mainwindow.cpp LINE:665 MSG:You Pressed Key F
2021-03-05 20:22:32 QtDebugMsg:FILE:..\teleportalQT\src\mainwindow.cpp LINE:1007 MSG:You Released Key F
2021-03-05 20:22:32 QtDebugMsg:FILE:..\teleportalQT\src\mainwindow.cpp LINE:665 MSG:You Pressed Key F
2021-03-05 20:22:33 QtDebugMsg:FILE:..\teleportalQT\src\mainwindow.cpp LINE:1007 MSG:You Released Key F
2021-03-05 20:22:33 QtDebugMsg:FILE:..\teleportalQT\src\mainwindow.cpp LINE:665 MSG:You Pressed Key F
2021-03-05 20:22:33 QtDebugMsg:FILE:..\teleportalQT\src\mainwindow.cpp LINE:1007 MSG:You Released Key F
2021-03-05 20:22:34 QtDebugMsg:FILE:..\teleportalQT\src\mainwindow.cpp LINE:665 MSG:You Pressed Key F
2021-03-05 20:22:34 QtDebugMsg:FILE:..\teleportalQT\src\mainwindow.cpp LINE:1007 MSG:You Released Key F
2021-03-05 20:22:34 QtDebugMsg:FILE:..\teleportalQT\src\mainwindow.cpp LINE:665 MSG:You Pressed Key F
2021-03-05 20:22:34 QtDebugMsg:FILE:..\teleportalQT\src\mainwindow.cpp LINE:1007 MSG:You Released Key F
2021-03-05 20:22:35 QtDebugMsg:FILE:..\teleportalQT\src\mainwindow.cpp LINE:665 MSG:You Pressed Key F
2021-03-05 20:22:35 QtDebugMsg:FILE:..\teleportalQT\src\mainwindow.cpp LINE:1007 MSG:You Released Key F
2021-03-05 20:22:35 QtDebugMsg:FILE:..\teleportalQT\src\mainwindow.cpp LINE:665 MSG:You Pressed Key F
2021-03-05 20:22:35 QtDebugMsg:FILE:..\teleportalQT\src\mainwindow.cpp LINE:1007 MSG:You Released Key F
2021-03-05 20:22:36 QtDebugMsg:FILE:..\teleportalQT\src\mainwindow.cpp LINE:665 MSG:You Pressed Key F
2021-03-05 20:22:36 QtDebugMsg:FILE:..\teleportalQT\src\mainwindow.cpp LINE:1007 MSG:You Released Key F
2021-03-05 20:22:36 QtDebugMsg:FILE:..\teleportalQT\src\mainwindow.cpp LINE:665 MSG:You Pressed Key F
2021-03-05 20:22:36 QtDebugMsg:FILE:..\teleportalQT\src\mainwindow.cpp LINE:1007 MSG:You Released Key F
2021-03-05 20:22:36 QtDebugMsg:FILE:..\teleportalQT\src\mainwindow.cpp LINE:665 MSG:You Pressed Key F
2021-03-05 20:22:37 QtDebugMsg:FILE:..\teleportalQT\src\mainwindow.cpp LINE:1007 MSG:You Released Key F
2021-03-05 20:22:37 QtDebugMsg:FILE:..\teleportalQT\src\mainwindow.cpp LINE:665 MSG:You Pressed Key F
2021-03-05 20:22:37 QtDebugMsg:FILE:..\teleportalQT\src\mainwindow.cpp LINE:1007 MSG:You Released Key F
2021-03-05 20:22:38 QtDebugMsg:FILE:..\teleportalQT\src\mainwindow.cpp LINE:665 MSG:You Pressed Key F
2021-03-05 20:22:38 QtDebugMsg:FILE:..\teleportalQT\src\mainwindow.cpp LINE:1007 MSG:You Released Key F
2021-03-05 20:22:38 QtDebugMsg:FILE:..\teleportalQT\src\mainwindow.cpp LINE:665 MSG:You Pressed Key F
2021-03-05 20:22:38 QtDebugMsg:FILE:..\teleportalQT\src\mainwindow.cpp LINE:1007 MSG:You Released Key F
2021-03-05 20:22:39 QtDebugMsg:FILE:..\teleportalQT\src\mainwindow.cpp LINE:665 MSG:You Pressed Key F
2021-03-05 20:22:39 QtDebugMsg:FILE:..\teleportalQT\src\mainwindow.cpp LINE:1007 MSG:You Released Key F
2021-03-05 20:22:39 QtDebugMsg:FILE:..\teleportalQT\src\mainwindow.cpp LINE:665 MSG:You Pressed Key F
2021-03-05 20:22:39 QtDebugMsg:FILE:..\teleportalQT\src\mainwindow.cpp LINE:1007 MSG:You Released Key F
2021-03-05 20:22:40 QtDebugMsg:FILE:..\teleportalQT\src\mainwindow.cpp LINE:665 MSG:You Pressed Key F
2021-03-05 20:22:40 QtDebugMsg:FILE:..\teleportalQT\src\mainwindow.cpp LINE:1007 MSG:You Released Key F
2021-03-05 20:22:40 QtDebugMsg:FILE:..\teleportalQT\src\mainwindow.cpp LINE:665 MSG:You Pressed Key F
2021-03-05 20:22:40 QtDebugMsg:FILE:..\teleportalQT\src\mainwindow.cpp LINE:1007 MSG:You Released Key F
2021-03-05 20:22:41 QtDebugMsg:FILE:..\teleportalQT\src\mainwindow.cpp LINE:665 MSG:You Pressed Key F
2021-03-05 20:22:41 QtDebugMsg:FILE:..\teleportalQT\src\mainwindow.cpp LINE:1007 MSG:You Released Key F
2021-03-05 20:22:41 QtDebugMsg:FILE:..\teleportalQT\src\mainwindow.cpp LINE:665 MSG:You Pressed Key F
2021-03-05 20:22:41 QtDebugMsg:FILE:..\teleportalQT\src\mainwindow.cpp LINE:1007 MSG:You Released Key F
2021-03-05 20:22:42 QtDebugMsg:FILE:..\teleportalQT\src\mainwindow.cpp LINE:665 MSG:You Pressed Key F
2021-03-05 20:22:42 QtDebugMsg:FILE:..\teleportalQT\src\mainwindow.cpp LINE:1007 MSG:You Released Key F
2021-03-05 20:22:42 QtDebugMsg:FILE:..\teleportalQT\src\mainwindow.cpp LINE:665 MSG:You Pressed Key F
2021-03-05 20:22:42 QtDebugMsg:FILE:..\teleportalQT\src\mainwindow.cpp LINE:1007 MSG:You Released Key F
2021-03-05 20:22:43 QtDebugMsg:FILE:..\teleportalQT\src\mainwindow.cpp LINE:665 MSG:You Pressed Key F
2021-03-05 20:22:43 QtDebugMsg:FILE:..\teleportalQT\src\mainwindow.cpp LINE:1007 MSG:You Released Key F
2021-03-05 20:22:43 QtDebugMsg:FILE:..\teleportalQT\src\mainwindow.cpp LINE:665 MSG:You Pressed Key F
2021-03-05 20:22:43 QtDebugMsg:FILE:..\teleportalQT\src\mainwindow.cpp LINE:1007 MSG:You Released Key F
2021-03-05 20:22:44 QtDebugMsg:FILE:..\teleportalQT\src\mainwindow.cpp LINE:648 MSG:You Pressed Key R
2021-03-05 20:22:44 QtDebugMsg:FILE:..\teleportalQT\src\mainwindow.cpp LINE:1000 MSG:You Released Key R
2021-03-05 20:22:44 QtDebugMsg:FILE:..\teleportalQT\src\mainwindow.cpp LINE:648 MSG:You Pressed Key R
2021-03-05 20:22:44 QtDebugMsg:FILE:..\teleportalQT\src\mainwindow.cpp LINE:1000 MSG:You Released Key R
2021-03-05 20:22:45 QtDebugMsg:FILE:..\teleportalQT\src\mainwindow.cpp LINE:648 MSG:You Pressed Key R
2021-03-05 20:22:45 QtDebugMsg:FILE:..\teleportalQT\src\mainwindow.cpp LINE:1000 MSG:You Released Key R
2021-03-05 20:22:47 QtDebugMsg:FILE:..\teleportalQT\src\mainwindow.cpp LINE:648 MSG:You Pressed Key R
2021-03-05 20:22:47 QtDebugMsg:FILE:..\teleportalQT\src\mainwindow.cpp LINE:1000 MSG:You Released Key R
2021-03-05 20:22:49 QtDebugMsg:FILE:..\teleportalQT\src\mainwindow.cpp LINE:648 MSG:You Pressed Key R
2021-03-05 20:22:50 QtDebugMsg:FILE:..\teleportalQT\src\mainwindow.cpp LINE:1000 MSG:You Released Key R
2021-03-05 20:22:54 QtDebugMsg:FILE:..\teleportalQT\src\mainwindow.cpp LINE:648 MSG:You Pressed Key R
2021-03-05 20:22:55 QtDebugMsg:FILE:..\teleportalQT\src\mainwindow.cpp LINE:1000 MSG:You Released Key R
2021-03-05 20:22:56 QtDebugMsg:FILE:..\teleportalQT\src\mainwindow.cpp LINE:648 MSG:You Pressed Key R
2021-03-05 20:23:00 QtDebugMsg:FILE:..\teleportalQT\src\mainwindow.cpp LINE:1000 MSG:You Released Key R
2021-03-05 20:23:08 QtDebugMsg:FILE:..\teleportalQT\src\mainwindow.cpp LINE:665 MSG:You Pressed Key F
2021-03-05 20:23:08 QtDebugMsg:FILE:..\teleportalQT\src\mainwindow.cpp LINE:1007 MSG:You Released Key F
2021-03-05 20:23:11 QtDebugMsg:FILE:..\teleportalQT\src\mainwindow.cpp LINE:665 MSG:You Pressed Key F
2021-03-05 20:23:12 QtDebugMsg:FILE:..\teleportalQT\src\mainwindow.cpp LINE:1007 MSG:You Released Key F
2021-03-05 20:23:14 QtDebugMsg:FILE:..\teleportalQT\src\mainwindow.cpp LINE:665 MSG:You Pressed Key F
2021-03-05 20:23:14 QtDebugMsg:FILE:..\teleportalQT\src\mainwindow.cpp LINE:1007 MSG:You Released Key F
2021-03-05 20:23:25 QtDebugMsg:FILE:..\teleportalQT\src\mainwindow.cpp LINE:665 MSG:You Pressed Key F
2021-03-05 20:23:25 QtDebugMsg:FILE:..\teleportalQT\src\mainwindow.cpp LINE:1007 MSG:You Released Key F
2021-03-05 20:23:26 QtDebugMsg:FILE:..\teleportalQT\src\mainwindow.cpp LINE:665 MSG:You Pressed Key F
2021-03-05 20:23:27 QtDebugMsg:FILE:..\teleportalQT\src\mainwindow.cpp LINE:1007 MSG:You Released Key F
2021-03-05 20:23:28 QtDebugMsg:FILE:..\teleportalQT\src\mainwindow.cpp LINE:665 MSG:You Pressed Key F
2021-03-05 20:23:28 QtDebugMsg:FILE:..\teleportalQT\src\mainwindow.cpp LINE:1007 MSG:You Released Key F
2021-03-05 20:23:32 QtDebugMsg:FILE:..\teleportalQT\src\mainwindow.cpp LINE:665 MSG:You Pressed Key F
2021-03-05 20:23:32 QtDebugMsg:FILE:..\teleportalQT\src\mainwindow.cpp LINE:1007 MSG:You Released Key F
2021-03-05 20:23:49 QtDebugMsg:FILE:..\teleportalQT\src\mainwindow.cpp LINE:648 MSG:You Pressed Key R
2021-03-05 20:23:49 QtDebugMsg:FILE:..\teleportalQT\src\mainwindow.cpp LINE:1000 MSG:You Released Key R
2021-03-05 20:23:50 QtDebugMsg:FILE:..\teleportalQT\src\mainwindow.cpp LINE:648 MSG:You Pressed Key R
2021-03-05 20:23:50 QtDebugMsg:FILE:..\teleportalQT\src\mainwindow.cpp LINE:1000 MSG:You Released Key R
2021-03-05 20:23:51 QtDebugMsg:FILE:..\teleportalQT\src\mainwindow.cpp LINE:648 MSG:You Pressed Key R
2021-03-05 20:23:51 QtDebugMsg:FILE:..\teleportalQT\src\mainwindow.cpp LINE:1000 MSG:You Released Key R
2021-03-05 20:23:53 QtDebugMsg:FILE:..\teleportalQT\src\mainwindow.cpp LINE:648 MSG:You Pressed Key R
2021-03-05 20:23:53 QtDebugMsg:FILE:..\teleportalQT\src\mainwindow.cpp LINE:1000 MSG:You Released Key R
2021-03-05 20:23:56 QtDebugMsg:FILE:..\teleportalQT\src\mainwindow.cpp LINE:648 MSG:You Pressed Key R
2021-03-05 20:23:56 QtDebugMsg:FILE:..\teleportalQT\src\mainwindow.cpp LINE:1000 MSG:You Released Key R
2021-03-05 20:24:01 QtDebugMsg:FILE:..\teleportalQT\src\mainwindow.cpp LINE:648 MSG:You Pressed Key R
2021-03-05 20:24:02 QtDebugMsg:FILE:..\teleportalQT\src\mainwindow.cpp LINE:1000 MSG:You Released Key R
2021-03-05 20:24:11 QtDebugMsg:FILE:..\teleportalQT\src\mainwindow.cpp LINE:648 MSG:You Pressed Key R
2021-03-05 20:24:12 QtDebugMsg:FILE:..\teleportalQT\src\mainwindow.cpp LINE:1000 MSG:You Released Key R
2021-03-05 20:24:16 QtDebugMsg:FILE:..\teleportalQT\src\mainwindow.cpp LINE:648 MSG:You Pressed Key R
2021-03-05 20:24:16 QtDebugMsg:FILE:..\teleportalQT\src\mainwindow.cpp LINE:1000 MSG:You Released Key R
2021-03-05 20:24:21 QtDebugMsg:FILE:..\teleportalQT\src\mainwindow.cpp LINE:665 MSG:You Pressed Key F
2021-03-05 20:24:26 QtDebugMsg:FILE:..\teleportalQT\src\mainwindow.cpp LINE:1007 MSG:You Released Key F
2021-03-05 20:24:34 QtDebugMsg:FILE:..\teleportalQT\src\mainwindow.cpp LINE:648 MSG:You Pressed Key R
2021-03-05 20:24:35 QtDebugMsg:FILE:..\teleportalQT\src\mainwindow.cpp LINE:1000 MSG:You Released Key R
2021-03-05 20:24:38 QtDebugMsg:FILE:..\teleportalQT\src\mainwindow.cpp LINE:648 MSG:You Pressed Key R
2021-03-05 20:24:38 QtDebugMsg:FILE:..\teleportalQT\src\mainwindow.cpp LINE:1000 MSG:You Released Key R
2021-03-05 20:24:41 QtDebugMsg:FILE:..\teleportalQT\src\mainwindow.cpp LINE:648 MSG:You Pressed Key R
2021-03-05 20:24:41 QtDebugMsg:FILE:..\teleportalQT\src\mainwindow.cpp LINE:1000 MSG:You Released Key R
2021-03-05 20:24:43 QtDebugMsg:FILE:..\teleportalQT\src\mainwindow.cpp LINE:648 MSG:You Pressed Key R
2021-03-05 20:24:44 QtDebugMsg:FILE:..\teleportalQT\src\mainwindow.cpp LINE:1000 MSG:You Released Key R
2021-03-05 20:24:46 QtDebugMsg:FILE:..\teleportalQT\src\mainwindow.cpp LINE:648 MSG:You Pressed Key R
2021-03-05 20:24:46 QtDebugMsg:FILE:..\teleportalQT\src\mainwindow.cpp LINE:1000 MSG:You Released Key R
2021-03-05 20:24:54 QtDebugMsg:FILE:..\teleportalQT\src\mainwindow.cpp LINE:648 MSG:You Pressed Key R
2021-03-05 20:24:54 QtDebugMsg:FILE:..\teleportalQT\src\mainwindow.cpp LINE:1000 MSG:You Released Key R
2021-03-05 20:24:55 QtDebugMsg:FILE:..\teleportalQT\src\mainwindow.cpp LINE:665 MSG:You Pressed Key F
2021-03-05 20:24:56 QtDebugMsg:FILE:..\teleportalQT\src\mainwindow.cpp LINE:1007 MSG:You Released Key F
2021-03-05 20:24:59 QtDebugMsg:FILE:..\teleportalQT\src\mainwindow.cpp LINE:648 MSG:You Pressed Key R
2021-03-05 20:24:59 QtDebugMsg:FILE:..\teleportalQT\src\mainwindow.cpp LINE:1000 MSG:You Released Key R
2021-03-05 20:25:00 QtDebugMsg:FILE:..\teleportalQT\src\mainwindow.cpp LINE:665 MSG:You Pressed Key F
2021-03-05 20:25:01 QtDebugMsg:FILE:..\teleportalQT\src\mainwindow.cpp LINE:1007 MSG:You Released Key F
2021-03-05 20:25:02 QtDebugMsg:FILE:..\teleportalQT\src\mainwindow.cpp LINE:648 MSG:You Pressed Key R
2021-03-05 20:25:03 QtDebugMsg:FILE:..\teleportalQT\src\mainwindow.cpp LINE:1000 MSG:You Released Key R
2021-03-05 20:25:03 QtDebugMsg:FILE:..\teleportalQT\src\mainwindow.cpp LINE:665 MSG:You Pressed Key F
2021-03-05 20:25:04 QtDebugMsg:FILE:..\teleportalQT\src\mainwindow.cpp LINE:1007 MSG:You Released Key F
2021-03-05 20:28:18 QtDebugMsg:FILE:..\teleportalQT\src\mainwindow.cpp LINE:112 MSG:Program Attempting To Exited
2021-03-05 20:28:18 QtDebugMsg:FILE:..\teleportalQT\src\mainwindow.cpp LINE:1176 MSG:DISARMING ROBOT (1176)
2021-03-05 20:28:18 QtDebugMsg:FILE:..\teleportalQT\src\mainwindow.cpp LINE:116 MSG:Program Exited Successfully?
